Using pre-set license
Built from '2020.3/release' branch; Version is '2020.3.1f1 (77a89f25062f) revision 7841951'; Using compiler version '192528614'; Build Type 'Release'
OS: 'Windows 10 Pro; OS build 19041.985; Version 2004; 64bit' Language: 'pl' Physical Memory: 8138 MB
BatchMode: 1, IsHumanControllingUs: 0, StartBugReporterOnCrash: 0, Is64bit: 1, IsPro: 0

 COMMAND LINE ARGUMENTS:
D:\Unity\2020.3.1f1\Editor\Unity.exe
-adb2
-batchMode
-noUpm
-name
AssetImportWorker0
-projectPath
D:/Unity Project/MyNewGame/Zadanie 3
-logFile
Logs/AssetImportWorker0.log
-srvPort
63356
Successfully changed project path to: D:/Unity Project/MyNewGame/Zadanie 3
D:/Unity Project/MyNewGame/Zadanie 3
Using Asset Import Pipeline V2.
Refreshing native plugins compatible for Editor in 27.38 ms, found 0 plugins.
Preloading 0 native plugins for Editor in 0.00 ms.
Initialize engine version: 2020.3.1f1 (77a89f25062f)
[Subsystems] Discovering subsystems at path D:/Unity/2020.3.1f1/Editor/Data/Resources/UnitySubsystems
[Subsystems] Discovering subsystems at path D:/Unity Project/MyNewGame/Zadanie 3/Assets
GfxDevice: creating device client; threaded=0
Direct3D:
    Version:  Direct3D 11.0 [level 11.1]
    Renderer: NVIDIA GeForce GTX 1070 (ID=0x1b81)
    Vendor:   
    VRAM:     8088 MB
    Driver:   27.21.14.6627
Initialize mono
Mono path[0] = 'D:/Unity/2020.3.1f1/Editor/Data/Managed'
Mono path[1] = 'D:/Unity/2020.3.1f1/Editor/Data/MonoBleedingEdge/lib/mono/unityjit'
Mono config path = 'D:/Unity/2020.3.1f1/Editor/Data/MonoBleedingEdge/etc'
Using monoOptions --debugger-agent=transport=dt_socket,embedding=1,server=y,suspend=n,address=127.0.0.1:56836
Begin MonoManager ReloadAssembly
Registering precompiled unity dll's ...
Register platform support module: D:/Unity/2020.3.1f1/Editor/Data/PlaybackEngines/WindowsStandaloneSupport/UnityEditor.WindowsStandalone.Extensions.dll
Registered in 0.001613 seconds.
Native extension for WindowsStandalone target not found
Refreshing native plugins compatible for Editor in 25.92 ms, found 0 plugins.
Preloading 0 native plugins for Editor in 0.00 ms.
Invoked RoslynAnalysisRunner static constructor.
RoslynAnalysisRunner will not be running.
RoslynAnalysisRunner has terminated.
Mono: successfully reloaded assembly
- Completed reload, in  2.933 seconds
Platform modules already initialized, skipping
Registering precompiled user dll's ...
Registered in 0.000938 seconds.
Begin MonoManager ReloadAssembly
Native extension for WindowsStandalone target not found
Refreshing native plugins compatible for Editor in 0.35 ms, found 0 plugins.
Preloading 0 native plugins for Editor in 0.00 ms.
Invoked RoslynAnalysisRunner static constructor.
RoslynAnalysisRunner will not be running.
RoslynAnalysisRunner has terminated.
Mono: successfully reloaded assembly
- Completed reload, in  1.037 seconds
Platform modules already initialized, skipping
========================================================================
Worker process is ready to serve import requests
Launched and connected shader compiler UnityShaderCompiler.exe after 0.06 seconds
Refreshing native plugins compatible for Editor in 0.20 ms, found 0 plugins.
Preloading 0 native plugins for Editor in 0.00 ms.
Unloading 1115 Unused Serialized files (Serialized files now loaded: 0)
System memory in use before: 57.0 MB.
System memory in use after: 57.1 MB.

Unloading 10 unused Assets to reduce memory usage. Loaded Objects now: 1557.
Total: 2.015300 ms (FindLiveObjects: 0.184300 ms CreateObjectMapping: 0.061500 ms MarkObjects: 1.686500 ms  DeleteObjects: 0.081800 ms)

========================================================================
Received Import Request.
  path: Assets/Scripts/PlayerMovement.cs
  artifactKey: Guid(72279305302baad41a8d1c8dfc962ab0) Importer(815301076,1909f56bfc062723c751e8b465ee728b)
Start importing Assets/Scripts/PlayerMovement.cs using Guid(72279305302baad41a8d1c8dfc962ab0) Importer(815301076,1909f56bfc062723c751e8b465ee728b)  -> (artifact id: '8ee10ddf509210c5daabe707e4c97545') in 0.065735 seconds
  Import took 0.069046 seconds .

========================================================================
Received Import Request.
  Time since last request: 62.217267 seconds.
  path: ProjectSettings/TagManager.asset
  artifactKey: Guid(00000000000000003000000000000000) Importer(815301076,1909f56bfc062723c751e8b465ee728b)
Start importing ProjectSettings/TagManager.asset using Guid(00000000000000003000000000000000) Importer(815301076,1909f56bfc062723c751e8b465ee728b)  -> (artifact id: '4e1ade904f8483502412a943970edefa') in 0.026172 seconds
  Import took 0.029984 seconds .

========================================================================
Received Prepare
Registering precompiled user dll's ...
Registered in 0.001079 seconds.
Begin MonoManager ReloadAssembly
Native extension for WindowsStandalone target not found
Refreshing native plugins compatible for Editor in 0.25 ms, found 0 plugins.
Preloading 0 native plugins for Editor in 0.00 ms.
Invoked RoslynAnalysisRunner static constructor.
RoslynAnalysisRunner will not be running.
RoslynAnalysisRunner has terminated.
Mono: successfully reloaded assembly
- Completed reload, in  0.968 seconds
Platform modules already initialized, skipping
Refreshing native plugins compatible for Editor in 0.21 ms, found 0 plugins.
Preloading 0 native plugins for Editor in 0.00 ms.
Unloading 1110 Unused Serialized files (Serialized files now loaded: 0)
System memory in use before: 57.0 MB.
System memory in use after: 57.0 MB.

Unloading 6 unused Assets to reduce memory usage. Loaded Objects now: 1560.
Total: 3.435300 ms (FindLiveObjects: 0.146000 ms CreateObjectMapping: 0.036500 ms MarkObjects: 3.136600 ms  DeleteObjects: 0.115000 ms)

========================================================================
Received Prepare
Registering precompiled user dll's ...
Registered in 0.000898 seconds.
Begin MonoManager ReloadAssembly
Native extension for WindowsStandalone target not found
Refreshing native plugins compatible for Editor in 0.28 ms, found 0 plugins.
Preloading 0 native plugins for Editor in 0.00 ms.
Warning: Annotation not found!
UnityEngine.StackTraceUtility:ExtractStackTrace ()
UnityEditor.ProBuilder.EditorUtility:SetGizmoIconEnabled (System.Type,bool) (at Library/PackageCache/com.unity.probuilder@4.5.0/Editor/EditorCore/EditorUtility.cs:593)
UnityEditor.ProBuilder.HierarchyListener:.cctor () (at Library/PackageCache/com.unity.probuilder@4.5.0/Editor/EditorCore/HierarchyListener.cs:21)
System.Runtime.CompilerServices.RuntimeHelpers:RunClassConstructor (System.RuntimeTypeHandle)
UnityEditor.EditorAssemblies:ProcessInitializeOnLoadAttributes (System.Type[])

[Library/PackageCache/com.unity.probuilder@4.5.0/Editor/EditorCore/EditorUtility.cs line 593]

Invoked RoslynAnalysisRunner static constructor.
RoslynAnalysisRunner will not be running.
RoslynAnalysisRunner has terminated.
Mono: successfully reloaded assembly
- Completed reload, in  1.040 seconds
Platform modules already initialized, skipping
Refreshing native plugins compatible for Editor in 0.35 ms, found 0 plugins.
Preloading 0 native plugins for Editor in 0.00 ms.
Unloading 1471 Unused Serialized files (Serialized files now loaded: 0)
System memory in use before: 71.1 MB.
System memory in use after: 69.3 MB.

Unloading 28 unused Assets to reduce memory usage. Loaded Objects now: 1902.
Total: 3.585300 ms (FindLiveObjects: 0.191400 ms CreateObjectMapping: 0.062800 ms MarkObjects: 1.882000 ms  DeleteObjects: 1.447400 ms)

========================================================================
Received Import Request.
  Time since last request: 2308.413604 seconds.
  path: Assets/materials
  artifactKey: Guid(4c2acd15a0ccf1548a60c2bbc86885ee) Importer(815301076,1909f56bfc062723c751e8b465ee728b)
Start importing Assets/materials using Guid(4c2acd15a0ccf1548a60c2bbc86885ee) Importer(815301076,1909f56bfc062723c751e8b465ee728b)  -> (artifact id: '267d9569ed94aab1a2b66f27359285bb') in 0.020568 seconds
  Import took 0.025264 seconds .

========================================================================
Received Prepare
Registering precompiled user dll's ...
Registered in 0.001240 seconds.
Begin MonoManager ReloadAssembly
Native extension for WindowsStandalone target not found
Refreshing native plugins compatible for Editor in 0.27 ms, found 0 plugins.
Preloading 0 native plugins for Editor in 0.00 ms.
Warning: Annotation not found!
UnityEngine.StackTraceUtility:ExtractStackTrace ()
UnityEditor.ProBuilder.EditorUtility:SetGizmoIconEnabled (System.Type,bool) (at Library/PackageCache/com.unity.probuilder@4.5.0/Editor/EditorCore/EditorUtility.cs:593)
UnityEditor.ProBuilder.HierarchyListener:.cctor () (at Library/PackageCache/com.unity.probuilder@4.5.0/Editor/EditorCore/HierarchyListener.cs:21)
System.Runtime.CompilerServices.RuntimeHelpers:RunClassConstructor (System.RuntimeTypeHandle)
UnityEditor.EditorAssemblies:ProcessInitializeOnLoadAttributes (System.Type[])

[Library/PackageCache/com.unity.probuilder@4.5.0/Editor/EditorCore/EditorUtility.cs line 593]

Invoked RoslynAnalysisRunner static constructor.
RoslynAnalysisRunner will not be running.
RoslynAnalysisRunner has terminated.
Mono: successfully reloaded assembly
- Completed reload, in  1.048 seconds
Platform modules already initialized, skipping
Refreshing native plugins compatible for Editor in 0.26 ms, found 0 plugins.
Preloading 0 native plugins for Editor in 0.00 ms.
Unloading 1470 Unused Serialized files (Serialized files now loaded: 0)
System memory in use before: 71.1 MB.
System memory in use after: 69.2 MB.

Unloading 28 unused Assets to reduce memory usage. Loaded Objects now: 1905.
Total: 3.948200 ms (FindLiveObjects: 0.205600 ms CreateObjectMapping: 0.051700 ms MarkObjects: 1.951200 ms  DeleteObjects: 1.738700 ms)

========================================================================
Received Import Request.
  Time since last request: 919.079752 seconds.
  path: Assets/materials/New Material 2.mat
  artifactKey: Guid(8de42ed8e59e8e04497f259c63fef060) Importer(815301076,1909f56bfc062723c751e8b465ee728b)
Start importing Assets/materials/New Material 2.mat using Guid(8de42ed8e59e8e04497f259c63fef060) Importer(815301076,1909f56bfc062723c751e8b465ee728b)  -> (artifact id: '7f188254b43dbbb7da285a6b336c23a2') in 0.130657 seconds
  Import took 0.133442 seconds .

========================================================================
Received Prepare
Registering precompiled user dll's ...
Registered in 0.001252 seconds.
Begin MonoManager ReloadAssembly
Native extension for WindowsStandalone target not found
Refreshing native plugins compatible for Editor in 0.40 ms, found 0 plugins.
Preloading 0 native plugins for Editor in 0.00 ms.
Warning: Annotation not found!
UnityEngine.StackTraceUtility:ExtractStackTrace ()
UnityEditor.ProBuilder.EditorUtility:SetGizmoIconEnabled (System.Type,bool) (at Library/PackageCache/com.unity.probuilder@4.5.0/Editor/EditorCore/EditorUtility.cs:593)
UnityEditor.ProBuilder.HierarchyListener:.cctor () (at Library/PackageCache/com.unity.probuilder@4.5.0/Editor/EditorCore/HierarchyListener.cs:21)
System.Runtime.CompilerServices.RuntimeHelpers:RunClassConstructor (System.RuntimeTypeHandle)
UnityEditor.EditorAssemblies:ProcessInitializeOnLoadAttributes (System.Type[])

[Library/PackageCache/com.unity.probuilder@4.5.0/Editor/EditorCore/EditorUtility.cs line 593]

Invoked RoslynAnalysisRunner static constructor.
RoslynAnalysisRunner will not be running.
RoslynAnalysisRunner has terminated.
Mono: successfully reloaded assembly
- Completed reload, in  1.129 seconds
Platform modules already initialized, skipping
Refreshing native plugins compatible for Editor in 0.26 ms, found 0 plugins.
Preloading 0 native plugins for Editor in 0.00 ms.
Unloading 1470 Unused Serialized files (Serialized files now loaded: 0)
System memory in use before: 74.4 MB.
System memory in use after: 72.6 MB.

Unloading 28 unused Assets to reduce memory usage. Loaded Objects now: 1948.
Total: 3.678800 ms (FindLiveObjects: 0.234600 ms CreateObjectMapping: 0.064900 ms MarkObjects: 1.797900 ms  DeleteObjects: 1.580100 ms)

========================================================================
Received Prepare
Registering precompiled user dll's ...
Registered in 0.001002 seconds.
Begin MonoManager ReloadAssembly
Native extension for WindowsStandalone target not found
Refreshing native plugins compatible for Editor in 0.52 ms, found 0 plugins.
Preloading 0 native plugins for Editor in 0.00 ms.
Warning: Annotation not found!
UnityEngine.StackTraceUtility:ExtractStackTrace ()
UnityEditor.ProBuilder.EditorUtility:SetGizmoIconEnabled (System.Type,bool) (at Library/PackageCache/com.unity.probuilder@4.5.0/Editor/EditorCore/EditorUtility.cs:593)
UnityEditor.ProBuilder.HierarchyListener:.cctor () (at Library/PackageCache/com.unity.probuilder@4.5.0/Editor/EditorCore/HierarchyListener.cs:21)
System.Runtime.CompilerServices.RuntimeHelpers:RunClassConstructor (System.RuntimeTypeHandle)
UnityEditor.EditorAssemblies:ProcessInitializeOnLoadAttributes (System.Type[])

[Library/PackageCache/com.unity.probuilder@4.5.0/Editor/EditorCore/EditorUtility.cs line 593]

Invoked RoslynAnalysisRunner static constructor.
RoslynAnalysisRunner will not be running.
RoslynAnalysisRunner has terminated.
Mono: successfully reloaded assembly
- Completed reload, in  1.050 seconds
Platform modules already initialized, skipping
Refreshing native plugins compatible for Editor in 0.26 ms, found 0 plugins.
Preloading 0 native plugins for Editor in 0.00 ms.
Unloading 1470 Unused Serialized files (Serialized files now loaded: 0)
System memory in use before: 74.4 MB.
System memory in use after: 72.6 MB.

Unloading 28 unused Assets to reduce memory usage. Loaded Objects now: 1951.
Total: 4.281300 ms (FindLiveObjects: 0.256900 ms CreateObjectMapping: 0.064600 ms MarkObjects: 2.315800 ms  DeleteObjects: 1.643100 ms)

========================================================================
Received Import Request.
  Time since last request: 1577.083177 seconds.
  path: Assets/materials/New Material 3.mat
  artifactKey: Guid(61be86804366eab4a8b6eadd6b289fc6) Importer(815301076,1909f56bfc062723c751e8b465ee728b)
Start importing Assets/materials/New Material 3.mat using Guid(61be86804366eab4a8b6eadd6b289fc6) Importer(815301076,1909f56bfc062723c751e8b465ee728b)  -> (artifact id: '37a9f781c98bee1002430c5009e4d403') in 0.080978 seconds
  Import took 0.084014 seconds .

========================================================================
Received Import Request.
  Time since last request: 18.390135 seconds.
  path: Assets/Prefab
  artifactKey: Guid(8972eac42e5ae004a8db1a8bbc9dcc45) Importer(815301076,1909f56bfc062723c751e8b465ee728b)
Start importing Assets/Prefab using Guid(8972eac42e5ae004a8db1a8bbc9dcc45) Importer(815301076,1909f56bfc062723c751e8b465ee728b)  -> (artifact id: '1ad01e6a986a0b27b9919edf27056994') in 0.010411 seconds
  Import took 0.014921 seconds .

========================================================================
Received Import Request.
  Time since last request: 44.196423 seconds.
  path: Assets/Prefab/bullet.prefab
  artifactKey: Guid(7fc70153bedfa054891c24bfc4483d26) Importer(815301076,1909f56bfc062723c751e8b465ee728b)
Start importing Assets/Prefab/bullet.prefab using Guid(7fc70153bedfa054891c24bfc4483d26) Importer(815301076,1909f56bfc062723c751e8b465ee728b)  -> (artifact id: '46bef31ec5cfaae0066808a3d4547668') in 0.044394 seconds
  Import took 0.047776 seconds .

========================================================================
Received Import Request.
  Time since last request: 0.024750 seconds.
  path: Assets/Prefab/bullet.prefab
  artifactKey: Guid(7fc70153bedfa054891c24bfc4483d26) Importer(815301076,1909f56bfc062723c751e8b465ee728b)
Start importing Assets/Prefab/bullet.prefab using Guid(7fc70153bedfa054891c24bfc4483d26) Importer(815301076,1909f56bfc062723c751e8b465ee728b)  -> (artifact id: '46bef31ec5cfaae0066808a3d4547668') in 0.016280 seconds
  Import took 0.019635 seconds .

========================================================================
Received Import Request.
  Time since last request: 19.640196 seconds.
  path: Assets/Prefab/Bullet.prefab
  artifactKey: Guid(7fc70153bedfa054891c24bfc4483d26) Importer(815301076,1909f56bfc062723c751e8b465ee728b)
Start importing Assets/Prefab/Bullet.prefab using Guid(7fc70153bedfa054891c24bfc4483d26) Importer(815301076,1909f56bfc062723c751e8b465ee728b)  -> (artifact id: 'd47d4d95a43056245d8d58c1c11ed88d') in 0.020237 seconds
  Import took 0.023163 seconds .

========================================================================
Received Import Request.
  Time since last request: 0.004001 seconds.
  path: Assets/Prefab/Bullet.prefab
  artifactKey: Guid(7fc70153bedfa054891c24bfc4483d26) Importer(815301076,1909f56bfc062723c751e8b465ee728b)
Start importing Assets/Prefab/Bullet.prefab using Guid(7fc70153bedfa054891c24bfc4483d26) Importer(815301076,1909f56bfc062723c751e8b465ee728b)  -> (artifact id: 'd47d4d95a43056245d8d58c1c11ed88d') in 0.011648 seconds
  Import took 0.018019 seconds .

========================================================================
Received Prepare
Registering precompiled user dll's ...
Registered in 0.001306 seconds.
Begin MonoManager ReloadAssembly
Native extension for WindowsStandalone target not found
Refreshing native plugins compatible for Editor in 0.27 ms, found 0 plugins.
Preloading 0 native plugins for Editor in 0.00 ms.
Warning: Annotation not found!
UnityEngine.StackTraceUtility:ExtractStackTrace ()
UnityEditor.ProBuilder.EditorUtility:SetGizmoIconEnabled (System.Type,bool) (at Library/PackageCache/com.unity.probuilder@4.5.0/Editor/EditorCore/EditorUtility.cs:593)
UnityEditor.ProBuilder.HierarchyListener:.cctor () (at Library/PackageCache/com.unity.probuilder@4.5.0/Editor/EditorCore/HierarchyListener.cs:21)
System.Runtime.CompilerServices.RuntimeHelpers:RunClassConstructor (System.RuntimeTypeHandle)
UnityEditor.EditorAssemblies:ProcessInitializeOnLoadAttributes (System.Type[])

[Library/PackageCache/com.unity.probuilder@4.5.0/Editor/EditorCore/EditorUtility.cs line 593]

Invoked RoslynAnalysisRunner static constructor.
RoslynAnalysisRunner will not be running.
RoslynAnalysisRunner has terminated.
Mono: successfully reloaded assembly
- Completed reload, in  0.962 seconds
Platform modules already initialized, skipping
Refreshing native plugins compatible for Editor in 0.35 ms, found 0 plugins.
Preloading 0 native plugins for Editor in 0.00 ms.
Unloading 1471 Unused Serialized files (Serialized files now loaded: 0)
System memory in use before: 74.5 MB.
System memory in use after: 72.7 MB.

Unloading 28 unused Assets to reduce memory usage. Loaded Objects now: 1957.
Total: 3.856500 ms (FindLiveObjects: 0.169100 ms CreateObjectMapping: 0.052300 ms MarkObjects: 1.869000 ms  DeleteObjects: 1.765000 ms)

========================================================================
Received Import Request.
  Time since last request: 33.558808 seconds.
  path: Assets/Scripts/Gun.cs
  artifactKey: Guid(7eb9e33dc8be6b44bbcea81f2c4b0826) Importer(815301076,1909f56bfc062723c751e8b465ee728b)
Start importing Assets/Scripts/Gun.cs using Guid(7eb9e33dc8be6b44bbcea81f2c4b0826) Importer(815301076,1909f56bfc062723c751e8b465ee728b)  -> (artifact id: '1790f1eb754cde8d62f1011d129d0a05') in 0.012218 seconds
  Import took 0.015870 seconds .

========================================================================
Received Import Request.
  Time since last request: 225.694372 seconds.
  path: Assets/Prefab/Bullet.prefab
  artifactKey: Guid(7fc70153bedfa054891c24bfc4483d26) Importer(815301076,1909f56bfc062723c751e8b465ee728b)
Start importing Assets/Prefab/Bullet.prefab using Guid(7fc70153bedfa054891c24bfc4483d26) Importer(815301076,1909f56bfc062723c751e8b465ee728b)  -> (artifact id: '997b6ae3a107602e66d6fbc697e03cb2') in 0.058151 seconds
  Import took 0.061997 seconds .

========================================================================
Received Import Request.
  Time since last request: 1.721497 seconds.
  path: Assets/Prefab/Bullet.prefab
  artifactKey: Guid(7fc70153bedfa054891c24bfc4483d26) Importer(815301076,1909f56bfc062723c751e8b465ee728b)
Start importing Assets/Prefab/Bullet.prefab using Guid(7fc70153bedfa054891c24bfc4483d26) Importer(815301076,1909f56bfc062723c751e8b465ee728b)  -> (artifact id: '5fae3657991961b2423cc3a5c44b76aa') in 0.017596 seconds
  Import took 0.020993 seconds .

========================================================================
Received Import Request.
  Time since last request: 4.672370 seconds.
  path: Assets/Prefab/Bullet.prefab
  artifactKey: Guid(7fc70153bedfa054891c24bfc4483d26) Importer(815301076,1909f56bfc062723c751e8b465ee728b)
Start importing Assets/Prefab/Bullet.prefab using Guid(7fc70153bedfa054891c24bfc4483d26) Importer(815301076,1909f56bfc062723c751e8b465ee728b)  -> (artifact id: '5f36483c32edfc1dd02b1d540c367280') in 0.017808 seconds
  Import took 0.021525 seconds .

========================================================================
Received Import Request.
  Time since last request: 96.624155 seconds.
  path: Assets/Prefab/Bullet.prefab
  artifactKey: Guid(7fc70153bedfa054891c24bfc4483d26) Importer(815301076,1909f56bfc062723c751e8b465ee728b)
Start importing Assets/Prefab/Bullet.prefab using Guid(7fc70153bedfa054891c24bfc4483d26) Importer(815301076,1909f56bfc062723c751e8b465ee728b)  -> (artifact id: 'c6a785a42a4495a4d819e213d09f64c6') in 0.015613 seconds
  Import took 0.019341 seconds .

========================================================================
Received Import Request.
  Time since last request: 95.775385 seconds.
  path: Assets/Prefab/Bullet.prefab
  artifactKey: Guid(7fc70153bedfa054891c24bfc4483d26) Importer(815301076,1909f56bfc062723c751e8b465ee728b)
Start importing Assets/Prefab/Bullet.prefab using Guid(7fc70153bedfa054891c24bfc4483d26) Importer(815301076,1909f56bfc062723c751e8b465ee728b)  -> (artifact id: 'ccbba95bed45835c2464ac0c366025ae') in 0.022350 seconds
  Import took 0.026505 seconds .

========================================================================
Received Import Request.
  Time since last request: 0.000938 seconds.
  path: Assets/Prefab/Bullet.prefab
  artifactKey: Guid(7fc70153bedfa054891c24bfc4483d26) Importer(815301076,1909f56bfc062723c751e8b465ee728b)
Start importing Assets/Prefab/Bullet.prefab using Guid(7fc70153bedfa054891c24bfc4483d26) Importer(815301076,1909f56bfc062723c751e8b465ee728b)  -> (artifact id: 'ccbba95bed45835c2464ac0c366025ae') in 0.014568 seconds
  Import took 0.017559 seconds .

========================================================================
Received Import Request.
  Time since last request: 260.887910 seconds.
  path: Assets/Prefab/Bullet.prefab
  artifactKey: Guid(7fc70153bedfa054891c24bfc4483d26) Importer(815301076,1909f56bfc062723c751e8b465ee728b)
Start importing Assets/Prefab/Bullet.prefab using Guid(7fc70153bedfa054891c24bfc4483d26) Importer(815301076,1909f56bfc062723c751e8b465ee728b)  -> (artifact id: '9d8f736d3327d023accba22a37015252') in 0.015888 seconds
  Import took 0.019137 seconds .

========================================================================
Received Import Request.
  Time since last request: 0.009395 seconds.
  path: Assets/Prefab/Bullet.prefab
  artifactKey: Guid(7fc70153bedfa054891c24bfc4483d26) Importer(815301076,1909f56bfc062723c751e8b465ee728b)
Start importing Assets/Prefab/Bullet.prefab using Guid(7fc70153bedfa054891c24bfc4483d26) Importer(815301076,1909f56bfc062723c751e8b465ee728b)  -> (artifact id: '9d8f736d3327d023accba22a37015252') in 0.014643 seconds
  Import took 0.018418 seconds .

========================================================================
Received Prepare
Registering precompiled user dll's ...
Registered in 0.000908 seconds.
Begin MonoManager ReloadAssembly
Native extension for WindowsStandalone target not found
Refreshing native plugins compatible for Editor in 0.41 ms, found 0 plugins.
Preloading 0 native plugins for Editor in 0.00 ms.
Warning: Annotation not found!
UnityEngine.StackTraceUtility:ExtractStackTrace ()
UnityEditor.ProBuilder.EditorUtility:SetGizmoIconEnabled (System.Type,bool) (at Library/PackageCache/com.unity.probuilder@4.5.0/Editor/EditorCore/EditorUtility.cs:593)
UnityEditor.ProBuilder.HierarchyListener:.cctor () (at Library/PackageCache/com.unity.probuilder@4.5.0/Editor/EditorCore/HierarchyListener.cs:21)
System.Runtime.CompilerServices.RuntimeHelpers:RunClassConstructor (System.RuntimeTypeHandle)
UnityEditor.EditorAssemblies:ProcessInitializeOnLoadAttributes (System.Type[])

[Library/PackageCache/com.unity.probuilder@4.5.0/Editor/EditorCore/EditorUtility.cs line 593]

Invoked RoslynAnalysisRunner static constructor.
RoslynAnalysisRunner will not be running.
RoslynAnalysisRunner has terminated.
Mono: successfully reloaded assembly
- Completed reload, in  1.021 seconds
Platform modules already initialized, skipping
Refreshing native plugins compatible for Editor in 0.31 ms, found 0 plugins.
Preloading 0 native plugins for Editor in 0.00 ms.
Unloading 1471 Unused Serialized files (Serialized files now loaded: 0)
System memory in use before: 74.5 MB.
System memory in use after: 72.7 MB.

Unloading 28 unused Assets to reduce memory usage. Loaded Objects now: 1961.
Total: 8.015700 ms (FindLiveObjects: 0.468300 ms CreateObjectMapping: 0.704700 ms MarkObjects: 4.113600 ms  DeleteObjects: 2.727300 ms)

========================================================================
Received Import Request.
  Time since last request: 89.290614 seconds.
  path: Assets/Prefab/Bullet.prefab
  artifactKey: Guid(7fc70153bedfa054891c24bfc4483d26) Importer(815301076,1909f56bfc062723c751e8b465ee728b)
Start importing Assets/Prefab/Bullet.prefab using Guid(7fc70153bedfa054891c24bfc4483d26) Importer(815301076,1909f56bfc062723c751e8b465ee728b)  -> (artifact id: '778af5d226d6d97fa9653b71274e7855') in 0.063170 seconds
  Import took 0.065890 seconds .

========================================================================
Received Import Request.
  Time since last request: 0.052772 seconds.
  path: Assets/Prefab/Bullet.prefab
  artifactKey: Guid(7fc70153bedfa054891c24bfc4483d26) Importer(815301076,1909f56bfc062723c751e8b465ee728b)
Start importing Assets/Prefab/Bullet.prefab using Guid(7fc70153bedfa054891c24bfc4483d26) Importer(815301076,1909f56bfc062723c751e8b465ee728b)  -> (artifact id: '7f3914f4eb0e58faed62b12b86de5e78') in 0.018942 seconds
  Import took 0.023115 seconds .

========================================================================
Received Import Request.
  Time since last request: 0.001881 seconds.
  path: Assets/Prefab/Bullet.prefab
  artifactKey: Guid(7fc70153bedfa054891c24bfc4483d26) Importer(815301076,1909f56bfc062723c751e8b465ee728b)
Start importing Assets/Prefab/Bullet.prefab using Guid(7fc70153bedfa054891c24bfc4483d26) Importer(815301076,1909f56bfc062723c751e8b465ee728b)  -> (artifact id: '7f3914f4eb0e58faed62b12b86de5e78') in 0.018290 seconds
  Import took 0.022018 seconds .

========================================================================
Received Import Request.
  Time since last request: 1.991205 seconds.
  path: Assets/Prefab/Bullet.prefab
  artifactKey: Guid(7fc70153bedfa054891c24bfc4483d26) Importer(815301076,1909f56bfc062723c751e8b465ee728b)
Start importing Assets/Prefab/Bullet.prefab using Guid(7fc70153bedfa054891c24bfc4483d26) Importer(815301076,1909f56bfc062723c751e8b465ee728b)  -> (artifact id: '0279d003617aa0caa3ba35245c129af3') in 0.016439 seconds
  Import took 0.020092 seconds .

========================================================================
Received Import Request.
  Time since last request: 0.003571 seconds.
  path: Assets/Prefab/Bullet.prefab
  artifactKey: Guid(7fc70153bedfa054891c24bfc4483d26) Importer(815301076,1909f56bfc062723c751e8b465ee728b)
Start importing Assets/Prefab/Bullet.prefab using Guid(7fc70153bedfa054891c24bfc4483d26) Importer(815301076,1909f56bfc062723c751e8b465ee728b)  -> (artifact id: '0279d003617aa0caa3ba35245c129af3') in 0.021749 seconds
  Import took 0.026131 seconds .

========================================================================
Received Prepare
Registering precompiled user dll's ...
Registered in 0.001140 seconds.
Begin MonoManager ReloadAssembly
Native extension for WindowsStandalone target not found
Refreshing native plugins compatible for Editor in 0.27 ms, found 0 plugins.
Preloading 0 native plugins for Editor in 0.00 ms.
Warning: Annotation not found!
UnityEngine.StackTraceUtility:ExtractStackTrace ()
UnityEditor.ProBuilder.EditorUtility:SetGizmoIconEnabled (System.Type,bool) (at Library/PackageCache/com.unity.probuilder@4.5.0/Editor/EditorCore/EditorUtility.cs:593)
UnityEditor.ProBuilder.HierarchyListener:.cctor () (at Library/PackageCache/com.unity.probuilder@4.5.0/Editor/EditorCore/HierarchyListener.cs:21)
System.Runtime.CompilerServices.RuntimeHelpers:RunClassConstructor (System.RuntimeTypeHandle)
UnityEditor.EditorAssemblies:ProcessInitializeOnLoadAttributes (System.Type[])

[Library/PackageCache/com.unity.probuilder@4.5.0/Editor/EditorCore/EditorUtility.cs line 593]

Invoked RoslynAnalysisRunner static constructor.
RoslynAnalysisRunner will not be running.
RoslynAnalysisRunner has terminated.
Mono: successfully reloaded assembly
- Completed reload, in  1.026 seconds
Platform modules already initialized, skipping
Refreshing native plugins compatible for Editor in 0.28 ms, found 0 plugins.
Preloading 0 native plugins for Editor in 0.00 ms.
Unloading 1471 Unused Serialized files (Serialized files now loaded: 0)
System memory in use before: 74.6 MB.
System memory in use after: 72.7 MB.

Unloading 28 unused Assets to reduce memory usage. Loaded Objects now: 1965.
Total: 5.695400 ms (FindLiveObjects: 0.217200 ms CreateObjectMapping: 0.060500 ms MarkObjects: 3.436600 ms  DeleteObjects: 1.979600 ms)

========================================================================
Received Prepare
Registering precompiled user dll's ...
Registered in 0.001244 seconds.
Begin MonoManager ReloadAssembly
Native extension for WindowsStandalone target not found
Refreshing native plugins compatible for Editor in 0.26 ms, found 0 plugins.
Preloading 0 native plugins for Editor in 0.00 ms.
Warning: Annotation not found!
UnityEngine.StackTraceUtility:ExtractStackTrace ()
UnityEditor.ProBuilder.EditorUtility:SetGizmoIconEnabled (System.Type,bool) (at Library/PackageCache/com.unity.probuilder@4.5.0/Editor/EditorCore/EditorUtility.cs:593)
UnityEditor.ProBuilder.HierarchyListener:.cctor () (at Library/PackageCache/com.unity.probuilder@4.5.0/Editor/EditorCore/HierarchyListener.cs:21)
System.Runtime.CompilerServices.RuntimeHelpers:RunClassConstructor (System.RuntimeTypeHandle)
UnityEditor.EditorAssemblies:ProcessInitializeOnLoadAttributes (System.Type[])

[Library/PackageCache/com.unity.probuilder@4.5.0/Editor/EditorCore/EditorUtility.cs line 593]

Invoked RoslynAnalysisRunner static constructor.
RoslynAnalysisRunner will not be running.
RoslynAnalysisRunner has terminated.
Mono: successfully reloaded assembly
- Completed reload, in  1.006 seconds
Platform modules already initialized, skipping
Refreshing native plugins compatible for Editor in 0.27 ms, found 0 plugins.
Preloading 0 native plugins for Editor in 0.00 ms.
Unloading 1471 Unused Serialized files (Serialized files now loaded: 0)
System memory in use before: 74.6 MB.
System memory in use after: 72.8 MB.

Unloading 28 unused Assets to reduce memory usage. Loaded Objects now: 1968.
Total: 4.108800 ms (FindLiveObjects: 0.225700 ms CreateObjectMapping: 0.062600 ms MarkObjects: 1.931300 ms  DeleteObjects: 1.888200 ms)

========================================================================
Received Import Request.
  Time since last request: 76.383532 seconds.
  path: Assets/Scripts/Gun.cs
  artifactKey: Guid(7eb9e33dc8be6b44bbcea81f2c4b0826) Importer(815301076,1909f56bfc062723c751e8b465ee728b)
Start importing Assets/Scripts/Gun.cs using Guid(7eb9e33dc8be6b44bbcea81f2c4b0826) Importer(815301076,1909f56bfc062723c751e8b465ee728b)  -> (artifact id: '6bf5e3ea629fa1f8b8d4197bc7ce05cd') in 0.007836 seconds
  Import took 0.011246 seconds .

========================================================================
Received Prepare
Registering precompiled user dll's ...
Registered in 0.000828 seconds.
Begin MonoManager ReloadAssembly
Native extension for WindowsStandalone target not found
Refreshing native plugins compatible for Editor in 0.27 ms, found 0 plugins.
Preloading 0 native plugins for Editor in 0.00 ms.
Warning: Annotation not found!
UnityEngine.StackTraceUtility:ExtractStackTrace ()
UnityEditor.ProBuilder.EditorUtility:SetGizmoIconEnabled (System.Type,bool) (at Library/PackageCache/com.unity.probuilder@4.5.0/Editor/EditorCore/EditorUtility.cs:593)
UnityEditor.ProBuilder.HierarchyListener:.cctor () (at Library/PackageCache/com.unity.probuilder@4.5.0/Editor/EditorCore/HierarchyListener.cs:21)
System.Runtime.CompilerServices.RuntimeHelpers:RunClassConstructor (System.RuntimeTypeHandle)
UnityEditor.EditorAssemblies:ProcessInitializeOnLoadAttributes (System.Type[])

[Library/PackageCache/com.unity.probuilder@4.5.0/Editor/EditorCore/EditorUtility.cs line 593]

Invoked RoslynAnalysisRunner static constructor.
RoslynAnalysisRunner will not be running.
RoslynAnalysisRunner has terminated.
Mono: successfully reloaded assembly
- Completed reload, in  1.021 seconds
Platform modules already initialized, skipping
Refreshing native plugins compatible for Editor in 0.31 ms, found 0 plugins.
Preloading 0 native plugins for Editor in 0.00 ms.
Unloading 1471 Unused Serialized files (Serialized files now loaded: 0)
System memory in use before: 74.6 MB.
System memory in use after: 72.8 MB.

Unloading 28 unused Assets to reduce memory usage. Loaded Objects now: 1971.
Total: 5.334000 ms (FindLiveObjects: 0.224100 ms CreateObjectMapping: 0.072100 ms MarkObjects: 2.456200 ms  DeleteObjects: 2.580400 ms)

========================================================================
Received Import Request.
  Time since last request: 49.400949 seconds.
  path: Assets/Scripts/Gun.cs
  artifactKey: Guid(7eb9e33dc8be6b44bbcea81f2c4b0826) Importer(815301076,1909f56bfc062723c751e8b465ee728b)
Start importing Assets/Scripts/Gun.cs using Guid(7eb9e33dc8be6b44bbcea81f2c4b0826) Importer(815301076,1909f56bfc062723c751e8b465ee728b)  -> (artifact id: 'eb2edfca8679d6ab001b9b43efd5868f') in 0.005416 seconds
  Import took 0.007965 seconds .

========================================================================
Received Import Request.
  Time since last request: 1.808196 seconds.
  path: Assets/Scripts/Gun.cs
  artifactKey: Guid(7eb9e33dc8be6b44bbcea81f2c4b0826) Importer(815301076,1909f56bfc062723c751e8b465ee728b)
Start importing Assets/Scripts/Gun.cs using Guid(7eb9e33dc8be6b44bbcea81f2c4b0826) Importer(815301076,1909f56bfc062723c751e8b465ee728b)  -> (artifact id: 'eb2edfca8679d6ab001b9b43efd5868f') in 0.002845 seconds
  Import took 0.006730 seconds .

========================================================================
Received Prepare
Registering precompiled user dll's ...
Registered in 0.000972 seconds.
Begin MonoManager ReloadAssembly
Native extension for WindowsStandalone target not found
Refreshing native plugins compatible for Editor in 0.31 ms, found 0 plugins.
Preloading 0 native plugins for Editor in 0.00 ms.
Warning: Annotation not found!
UnityEngine.StackTraceUtility:ExtractStackTrace ()
UnityEditor.ProBuilder.EditorUtility:SetGizmoIconEnabled (System.Type,bool) (at Library/PackageCache/com.unity.probuilder@4.5.0/Editor/EditorCore/EditorUtility.cs:593)
UnityEditor.ProBuilder.HierarchyListener:.cctor () (at Library/PackageCache/com.unity.probuilder@4.5.0/Editor/EditorCore/HierarchyListener.cs:21)
System.Runtime.CompilerServices.RuntimeHelpers:RunClassConstructor (System.RuntimeTypeHandle)
UnityEditor.EditorAssemblies:ProcessInitializeOnLoadAttributes (System.Type[])

[Library/PackageCache/com.unity.probuilder@4.5.0/Editor/EditorCore/EditorUtility.cs line 593]

Invoked RoslynAnalysisRunner static constructor.
RoslynAnalysisRunner will not be running.
RoslynAnalysisRunner has terminated.
Mono: successfully reloaded assembly
- Completed reload, in  1.053 seconds
Platform modules already initialized, skipping
Refreshing native plugins compatible for Editor in 0.29 ms, found 0 plugins.
Preloading 0 native plugins for Editor in 0.00 ms.
Unloading 1471 Unused Serialized files (Serialized files now loaded: 0)
System memory in use before: 74.6 MB.
System memory in use after: 72.8 MB.

Unloading 28 unused Assets to reduce memory usage. Loaded Objects now: 1974.
Total: 4.364600 ms (FindLiveObjects: 0.624600 ms CreateObjectMapping: 0.118100 ms MarkObjects: 1.919200 ms  DeleteObjects: 1.701600 ms)

========================================================================
Received Import Request.
  Time since last request: 29.930726 seconds.
  path: Assets/Prefab/Bullet.prefab
  artifactKey: Guid(7fc70153bedfa054891c24bfc4483d26) Importer(815301076,1909f56bfc062723c751e8b465ee728b)
Start importing Assets/Prefab/Bullet.prefab using Guid(7fc70153bedfa054891c24bfc4483d26) Importer(815301076,1909f56bfc062723c751e8b465ee728b)  -> (artifact id: '5bac73ddb4721f6a8a1c4097f866eec9') in 0.052783 seconds
  Import took 0.056188 seconds .

========================================================================
Received Prepare
Registering precompiled user dll's ...
Registered in 0.001112 seconds.
Begin MonoManager ReloadAssembly
Native extension for WindowsStandalone target not found
Refreshing native plugins compatible for Editor in 0.27 ms, found 0 plugins.
Preloading 0 native plugins for Editor in 0.00 ms.
Warning: Annotation not found!
UnityEngine.StackTraceUtility:ExtractStackTrace ()
UnityEditor.ProBuilder.EditorUtility:SetGizmoIconEnabled (System.Type,bool) (at Library/PackageCache/com.unity.probuilder@4.5.0/Editor/EditorCore/EditorUtility.cs:593)
UnityEditor.ProBuilder.HierarchyListener:.cctor () (at Library/PackageCache/com.unity.probuilder@4.5.0/Editor/EditorCore/HierarchyListener.cs:21)
System.Runtime.CompilerServices.RuntimeHelpers:RunClassConstructor (System.RuntimeTypeHandle)
UnityEditor.EditorAssemblies:ProcessInitializeOnLoadAttributes (System.Type[])

[Library/PackageCache/com.unity.probuilder@4.5.0/Editor/EditorCore/EditorUtility.cs line 593]

Invoked RoslynAnalysisRunner static constructor.
RoslynAnalysisRunner will not be running.
RoslynAnalysisRunner has terminated.
Mono: successfully reloaded assembly
- Completed reload, in  0.944 seconds
Platform modules already initialized, skipping
Refreshing native plugins compatible for Editor in 0.29 ms, found 0 plugins.
Preloading 0 native plugins for Editor in 0.00 ms.
Unloading 1471 Unused Serialized files (Serialized files now loaded: 0)
System memory in use before: 74.6 MB.
System memory in use after: 72.8 MB.

Unloading 28 unused Assets to reduce memory usage. Loaded Objects now: 1978.
Total: 3.623700 ms (FindLiveObjects: 0.179400 ms CreateObjectMapping: 0.056800 ms MarkObjects: 1.773000 ms  DeleteObjects: 1.613500 ms)

========================================================================
Received Prepare
Registering precompiled user dll's ...
Registered in 0.000907 seconds.
Begin MonoManager ReloadAssembly
Native extension for WindowsStandalone target not found
Refreshing native plugins compatible for Editor in 0.28 ms, found 0 plugins.
Preloading 0 native plugins for Editor in 0.00 ms.
Warning: Annotation not found!
UnityEngine.StackTraceUtility:ExtractStackTrace ()
UnityEditor.ProBuilder.EditorUtility:SetGizmoIconEnabled (System.Type,bool) (at Library/PackageCache/com.unity.probuilder@4.5.0/Editor/EditorCore/EditorUtility.cs:593)
UnityEditor.ProBuilder.HierarchyListener:.cctor () (at Library/PackageCache/com.unity.probuilder@4.5.0/Editor/EditorCore/HierarchyListener.cs:21)
System.Runtime.CompilerServices.RuntimeHelpers:RunClassConstructor (System.RuntimeTypeHandle)
UnityEditor.EditorAssemblies:ProcessInitializeOnLoadAttributes (System.Type[])

[Library/PackageCache/com.unity.probuilder@4.5.0/Editor/EditorCore/EditorUtility.cs line 593]

Invoked RoslynAnalysisRunner static constructor.
RoslynAnalysisRunner will not be running.
RoslynAnalysisRunner has terminated.
Mono: successfully reloaded assembly
- Completed reload, in  0.988 seconds
Platform modules already initialized, skipping
Refreshing native plugins compatible for Editor in 0.30 ms, found 0 plugins.
Preloading 0 native plugins for Editor in 0.00 ms.
Unloading 1471 Unused Serialized files (Serialized files now loaded: 0)
System memory in use before: 74.6 MB.
System memory in use after: 72.8 MB.

Unloading 28 unused Assets to reduce memory usage. Loaded Objects now: 1981.
Total: 3.949600 ms (FindLiveObjects: 0.172100 ms CreateObjectMapping: 0.064200 ms MarkObjects: 1.978000 ms  DeleteObjects: 1.734200 ms)

========================================================================
Received Import Request.
  Time since last request: 719.314944 seconds.
  path: Assets/animation
  artifactKey: Guid(1634b07491a0d664f87602ea569db16e) Importer(815301076,1909f56bfc062723c751e8b465ee728b)
Start importing Assets/animation using Guid(1634b07491a0d664f87602ea569db16e) Importer(815301076,1909f56bfc062723c751e8b465ee728b)  -> (artifact id: '817cf48556067409c1e61c0c520ffa15') in 0.017843 seconds
  Import took 0.022271 seconds .

========================================================================
Received Import Request.
  Time since last request: 19.538557 seconds.
  path: Assets/animation/Door.controller
  artifactKey: Guid(f741b0636c86c624baeff1307a2e833d) Importer(815301076,1909f56bfc062723c751e8b465ee728b)
Start importing Assets/animation/Door.controller using Guid(f741b0636c86c624baeff1307a2e833d) Importer(815301076,1909f56bfc062723c751e8b465ee728b)  -> (artifact id: '0312a5ec288d611884a8d2aa10a96ae9') in 0.019450 seconds
  Import took 0.023194 seconds .

========================================================================
Received Import Request.
  Time since last request: 11.069586 seconds.
  path: Assets/animation/OpenDoor.anim
  artifactKey: Guid(b922b70e4d7a1884ba77a2f430337b6d) Importer(815301076,1909f56bfc062723c751e8b465ee728b)
Start importing Assets/animation/OpenDoor.anim using Guid(b922b70e4d7a1884ba77a2f430337b6d) Importer(815301076,1909f56bfc062723c751e8b465ee728b)  -> (artifact id: 'a1312e17668e7380f4b23f792ffd4a13') in 0.016623 seconds
  Import took 0.020693 seconds .

========================================================================
Received Import Request.
  Time since last request: 15.545667 seconds.
  path: Assets/animation/CloseDoor.anim
  artifactKey: Guid(42a0b3f864076f74ba3f3d58f818e8a1) Importer(815301076,1909f56bfc062723c751e8b465ee728b)
Start importing Assets/animation/CloseDoor.anim using Guid(42a0b3f864076f74ba3f3d58f818e8a1) Importer(815301076,1909f56bfc062723c751e8b465ee728b)  -> (artifact id: '670a2c26e0663f506b9ff2311c7f5964') in 0.011395 seconds
  Import took 0.016978 seconds .

========================================================================
Received Prepare
Registering precompiled user dll's ...
Registered in 0.001480 seconds.
Begin MonoManager ReloadAssembly
Native extension for WindowsStandalone target not found
Refreshing native plugins compatible for Editor in 0.26 ms, found 0 plugins.
Preloading 0 native plugins for Editor in 0.00 ms.
Warning: Annotation not found!
UnityEngine.StackTraceUtility:ExtractStackTrace ()
UnityEditor.ProBuilder.EditorUtility:SetGizmoIconEnabled (System.Type,bool) (at Library/PackageCache/com.unity.probuilder@4.5.0/Editor/EditorCore/EditorUtility.cs:593)
UnityEditor.ProBuilder.HierarchyListener:.cctor () (at Library/PackageCache/com.unity.probuilder@4.5.0/Editor/EditorCore/HierarchyListener.cs:21)
System.Runtime.CompilerServices.RuntimeHelpers:RunClassConstructor (System.RuntimeTypeHandle)
UnityEditor.EditorAssemblies:ProcessInitializeOnLoadAttributes (System.Type[])

[Library/PackageCache/com.unity.probuilder@4.5.0/Editor/EditorCore/EditorUtility.cs line 593]

Invoked RoslynAnalysisRunner static constructor.
RoslynAnalysisRunner will not be running.
RoslynAnalysisRunner has terminated.
Mono: successfully reloaded assembly
- Completed reload, in  0.985 seconds
Platform modules already initialized, skipping
Refreshing native plugins compatible for Editor in 0.27 ms, found 0 plugins.
Preloading 0 native plugins for Editor in 0.00 ms.
Unloading 1472 Unused Serialized files (Serialized files now loaded: 0)
System memory in use before: 74.7 MB.
System memory in use after: 72.8 MB.

Unloading 28 unused Assets to reduce memory usage. Loaded Objects now: 1985.
Total: 4.328100 ms (FindLiveObjects: 0.295900 ms CreateObjectMapping: 0.065800 ms MarkObjects: 2.064400 ms  DeleteObjects: 1.900200 ms)

========================================================================
Received Import Request.
  Time since last request: 580.197934 seconds.
  path: Assets/Scripts/Door.cs
  artifactKey: Guid(efcf8f2651958224eae7d6e2692b7133) Importer(815301076,1909f56bfc062723c751e8b465ee728b)
Start importing Assets/Scripts/Door.cs using Guid(efcf8f2651958224eae7d6e2692b7133) Importer(815301076,1909f56bfc062723c751e8b465ee728b)  -> (artifact id: '678da282ef76895e501dd4b3d3a7892e') in 0.008275 seconds
  Import took 0.012138 seconds .

========================================================================
Received Prepare
Registering precompiled user dll's ...
Registered in 0.001165 seconds.
Begin MonoManager ReloadAssembly
Native extension for WindowsStandalone target not found
Refreshing native plugins compatible for Editor in 0.30 ms, found 0 plugins.
Preloading 0 native plugins for Editor in 0.00 ms.
Warning: Annotation not found!
UnityEngine.StackTraceUtility:ExtractStackTrace ()
UnityEditor.ProBuilder.EditorUtility:SetGizmoIconEnabled (System.Type,bool) (at Library/PackageCache/com.unity.probuilder@4.5.0/Editor/EditorCore/EditorUtility.cs:593)
UnityEditor.ProBuilder.HierarchyListener:.cctor () (at Library/PackageCache/com.unity.probuilder@4.5.0/Editor/EditorCore/HierarchyListener.cs:21)
System.Runtime.CompilerServices.RuntimeHelpers:RunClassConstructor (System.RuntimeTypeHandle)
UnityEditor.EditorAssemblies:ProcessInitializeOnLoadAttributes (System.Type[])

[Library/PackageCache/com.unity.probuilder@4.5.0/Editor/EditorCore/EditorUtility.cs line 593]

Invoked RoslynAnalysisRunner static constructor.
RoslynAnalysisRunner will not be running.
RoslynAnalysisRunner has terminated.
Mono: successfully reloaded assembly
- Completed reload, in  1.613 seconds
Platform modules already initialized, skipping
Refreshing native plugins compatible for Editor in 0.28 ms, found 0 plugins.
Preloading 0 native plugins for Editor in 0.00 ms.
Unloading 1472 Unused Serialized files (Serialized files now loaded: 0)
System memory in use before: 74.6 MB.
System memory in use after: 72.8 MB.

Unloading 28 unused Assets to reduce memory usage. Loaded Objects now: 1988.
Total: 4.832200 ms (FindLiveObjects: 0.293000 ms CreateObjectMapping: 0.077400 ms MarkObjects: 2.393000 ms  DeleteObjects: 2.066800 ms)

========================================================================
Received Prepare
Registering precompiled user dll's ...
Registered in 0.000995 seconds.
Begin MonoManager ReloadAssembly
Native extension for WindowsStandalone target not found
Refreshing native plugins compatible for Editor in 0.27 ms, found 0 plugins.
Preloading 0 native plugins for Editor in 0.00 ms.
Warning: Annotation not found!
UnityEngine.StackTraceUtility:ExtractStackTrace ()
UnityEditor.ProBuilder.EditorUtility:SetGizmoIconEnabled (System.Type,bool) (at Library/PackageCache/com.unity.probuilder@4.5.0/Editor/EditorCore/EditorUtility.cs:593)
UnityEditor.ProBuilder.HierarchyListener:.cctor () (at Library/PackageCache/com.unity.probuilder@4.5.0/Editor/EditorCore/HierarchyListener.cs:21)
System.Runtime.CompilerServices.RuntimeHelpers:RunClassConstructor (System.RuntimeTypeHandle)
UnityEditor.EditorAssemblies:ProcessInitializeOnLoadAttributes (System.Type[])

[Library/PackageCache/com.unity.probuilder@4.5.0/Editor/EditorCore/EditorUtility.cs line 593]

Invoked RoslynAnalysisRunner static constructor.
RoslynAnalysisRunner will not be running.
RoslynAnalysisRunner has terminated.
Mono: successfully reloaded assembly
- Completed reload, in  0.952 seconds
Platform modules already initialized, skipping
Refreshing native plugins compatible for Editor in 0.26 ms, found 0 plugins.
Preloading 0 native plugins for Editor in 0.00 ms.
Unloading 1472 Unused Serialized files (Serialized files now loaded: 0)
System memory in use before: 74.7 MB.
System memory in use after: 72.8 MB.

Unloading 28 unused Assets to reduce memory usage. Loaded Objects now: 1991.
Total: 4.346500 ms (FindLiveObjects: 0.183700 ms CreateObjectMapping: 0.056700 ms MarkObjects: 2.277000 ms  DeleteObjects: 1.828000 ms)

========================================================================
Received Prepare
Registering precompiled user dll's ...
Registered in 0.000959 seconds.
Begin MonoManager ReloadAssembly
Native extension for WindowsStandalone target not found
Refreshing native plugins compatible for Editor in 0.26 ms, found 0 plugins.
Preloading 0 native plugins for Editor in 0.00 ms.
Warning: Annotation not found!
UnityEngine.StackTraceUtility:ExtractStackTrace ()
UnityEditor.ProBuilder.EditorUtility:SetGizmoIconEnabled (System.Type,bool) (at Library/PackageCache/com.unity.probuilder@4.5.0/Editor/EditorCore/EditorUtility.cs:593)
UnityEditor.ProBuilder.HierarchyListener:.cctor () (at Library/PackageCache/com.unity.probuilder@4.5.0/Editor/EditorCore/HierarchyListener.cs:21)
System.Runtime.CompilerServices.RuntimeHelpers:RunClassConstructor (System.RuntimeTypeHandle)
UnityEditor.EditorAssemblies:ProcessInitializeOnLoadAttributes (System.Type[])

[Library/PackageCache/com.unity.probuilder@4.5.0/Editor/EditorCore/EditorUtility.cs line 593]

Invoked RoslynAnalysisRunner static constructor.
RoslynAnalysisRunner will not be running.
RoslynAnalysisRunner has terminated.
Mono: successfully reloaded assembly
- Completed reload, in  1.085 seconds
Platform modules already initialized, skipping
Refreshing native plugins compatible for Editor in 0.29 ms, found 0 plugins.
Preloading 0 native plugins for Editor in 0.00 ms.
Unloading 1472 Unused Serialized files (Serialized files now loaded: 0)
System memory in use before: 74.7 MB.
System memory in use after: 72.9 MB.

Unloading 28 unused Assets to reduce memory usage. Loaded Objects now: 1994.
Total: 3.878900 ms (FindLiveObjects: 0.187900 ms CreateObjectMapping: 0.052000 ms MarkObjects: 1.865400 ms  DeleteObjects: 1.772400 ms)

========================================================================
Received Import Request.
  Time since last request: 299.642209 seconds.
  path: Assets/animation/Door.controller
  artifactKey: Guid(f741b0636c86c624baeff1307a2e833d) Importer(815301076,1909f56bfc062723c751e8b465ee728b)
Start importing Assets/animation/Door.controller using Guid(f741b0636c86c624baeff1307a2e833d) Importer(815301076,1909f56bfc062723c751e8b465ee728b)  -> (artifact id: '2fa0da39b1d18f5b9e91faea486386c9') in 0.007175 seconds
  Import took 0.010610 seconds .

========================================================================
Received Import Request.
  Time since last request: 0.000275 seconds.
  path: Assets/animation/OpenDoor.anim
  artifactKey: Guid(b922b70e4d7a1884ba77a2f430337b6d) Importer(815301076,1909f56bfc062723c751e8b465ee728b)
Start importing Assets/animation/OpenDoor.anim using Guid(b922b70e4d7a1884ba77a2f430337b6d) Importer(815301076,1909f56bfc062723c751e8b465ee728b)  -> (artifact id: '1f9724abf717365d069c54edeec39797') in 0.003811 seconds
  Import took 0.008175 seconds .

