Using pre-set license
Built from '2020.3/release' branch; Version is '2020.3.1f1 (77a89f25062f) revision 7841951'; Using compiler version '192528614'; Build Type 'Release'
OS: 'Windows 10 Pro; OS build 19041.985; Version 2004; 64bit' Language: 'pl' Physical Memory: 8138 MB
BatchMode: 1, IsHumanControllingUs: 0, StartBugReporterOnCrash: 0, Is64bit: 1, IsPro: 0

 COMMAND LINE ARGUMENTS:
D:\Unity\2020.3.1f1\Editor\Unity.exe
-adb2
-batchMode
-noUpm
-name
AssetImportWorker0
-projectPath
D:/Unity Project/MyNewGame/Zadanie 3
-logFile
Logs/AssetImportWorker0.log
-srvPort
62153
Successfully changed project path to: D:/Unity Project/MyNewGame/Zadanie 3
D:/Unity Project/MyNewGame/Zadanie 3
Using Asset Import Pipeline V2.
Refreshing native plugins compatible for Editor in 25.37 ms, found 0 plugins.
Preloading 0 native plugins for Editor in 0.00 ms.
Initialize engine version: 2020.3.1f1 (77a89f25062f)
[Subsystems] Discovering subsystems at path D:/Unity/2020.3.1f1/Editor/Data/Resources/UnitySubsystems
[Subsystems] Discovering subsystems at path D:/Unity Project/MyNewGame/Zadanie 3/Assets
GfxDevice: creating device client; threaded=0
Direct3D:
    Version:  Direct3D 11.0 [level 11.1]
    Renderer: NVIDIA GeForce GTX 1070 (ID=0x1b81)
    Vendor:   
    VRAM:     8088 MB
    Driver:   27.21.14.6627
Initialize mono
Mono path[0] = 'D:/Unity/2020.3.1f1/Editor/Data/Managed'
Mono path[1] = 'D:/Unity/2020.3.1f1/Editor/Data/MonoBleedingEdge/lib/mono/unityjit'
Mono config path = 'D:/Unity/2020.3.1f1/Editor/Data/MonoBleedingEdge/etc'
Using monoOptions --debugger-agent=transport=dt_socket,embedding=1,server=y,suspend=n,address=127.0.0.1:56116
Begin MonoManager ReloadAssembly
Registering precompiled unity dll's ...
Register platform support module: D:/Unity/2020.3.1f1/Editor/Data/PlaybackEngines/WindowsStandaloneSupport/UnityEditor.WindowsStandalone.Extensions.dll
Registered in 0.001471 seconds.
Native extension for WindowsStandalone target not found
Refreshing native plugins compatible for Editor in 23.81 ms, found 0 plugins.
Preloading 0 native plugins for Editor in 0.00 ms.
Invoked RoslynAnalysisRunner static constructor.
RoslynAnalysisRunner will not be running.
RoslynAnalysisRunner has terminated.
Mono: successfully reloaded assembly
- Completed reload, in  2.572 seconds
Platform modules already initialized, skipping
Registering precompiled user dll's ...
Registered in 0.000763 seconds.
Begin MonoManager ReloadAssembly
Native extension for WindowsStandalone target not found
Refreshing native plugins compatible for Editor in 0.20 ms, found 0 plugins.
Preloading 0 native plugins for Editor in 0.00 ms.
Invoked RoslynAnalysisRunner static constructor.
RoslynAnalysisRunner will not be running.
RoslynAnalysisRunner has terminated.
Mono: successfully reloaded assembly
- Completed reload, in  0.893 seconds
Platform modules already initialized, skipping
========================================================================
Worker process is ready to serve import requests
Launched and connected shader compiler UnityShaderCompiler.exe after 0.06 seconds
Refreshing native plugins compatible for Editor in 0.22 ms, found 0 plugins.
Preloading 0 native plugins for Editor in 0.00 ms.
Unloading 1113 Unused Serialized files (Serialized files now loaded: 0)
System memory in use before: 56.9 MB.
System memory in use after: 57.0 MB.

Unloading 10 unused Assets to reduce memory usage. Loaded Objects now: 1555.
Total: 1.995200 ms (FindLiveObjects: 0.248400 ms CreateObjectMapping: 0.176500 ms MarkObjects: 1.482100 ms  DeleteObjects: 0.086300 ms)

========================================================================
Received Import Request.
  path: Assets/Scenes
  artifactKey: Guid(9e29ef81a7d4a424a9bca0fa8a7d42b3) Importer(815301076,1909f56bfc062723c751e8b465ee728b)
Start importing Assets/Scenes using Guid(9e29ef81a7d4a424a9bca0fa8a7d42b3) Importer(815301076,1909f56bfc062723c751e8b465ee728b)  -> (artifact id: 'b474365c5b0b9260b25d0ac86e58a38d') in 0.008493 seconds
  Import took 0.011546 seconds .

========================================================================
Received Import Request.
  Time since last request: 6.432855 seconds.
  path: Assets/Scenes/New Scene.unity
  artifactKey: Guid(40e196d0b53fd7740a52cc5b477112e6) Importer(815301076,1909f56bfc062723c751e8b465ee728b)
Start importing Assets/Scenes/New Scene.unity using Guid(40e196d0b53fd7740a52cc5b477112e6) Importer(815301076,1909f56bfc062723c751e8b465ee728b)  -> (artifact id: '4583cedac5c4723080a9579594885960') in 0.015835 seconds
  Import took 0.017823 seconds .

========================================================================
Received Import Request.
  Time since last request: 12.434542 seconds.
  path: Assets/Scenes/SampleScene.unity
  artifactKey: Guid(9fc0d4010bbf28b4594072e72b8655ab) Importer(815301076,1909f56bfc062723c751e8b465ee728b)
Start importing Assets/Scenes/SampleScene.unity using Guid(9fc0d4010bbf28b4594072e72b8655ab) Importer(815301076,1909f56bfc062723c751e8b465ee728b)  -> (artifact id: '9a0c7bd3eade52b464e03a3fa19ccb01') in 0.008324 seconds
  Import took 0.011709 seconds .

========================================================================
Received Import Request.
  Time since last request: 6.860222 seconds.
  path: Assets/Scenes/test.unity
  artifactKey: Guid(9fc0d4010bbf28b4594072e72b8655ab) Importer(815301076,1909f56bfc062723c751e8b465ee728b)
Start importing Assets/Scenes/test.unity using Guid(9fc0d4010bbf28b4594072e72b8655ab) Importer(815301076,1909f56bfc062723c751e8b465ee728b)  -> (artifact id: '5a10f98ce2bf181f97c1a32aa92c4bcf') in 0.012410 seconds
  Import took 0.015716 seconds .

========================================================================
Received Import Request.
  Time since last request: 835.984530 seconds.
  path: Assets/SCripts
  artifactKey: Guid(8d289fdea78da8548b36f2ca6c1709d0) Importer(815301076,1909f56bfc062723c751e8b465ee728b)
Start importing Assets/SCripts using Guid(8d289fdea78da8548b36f2ca6c1709d0) Importer(815301076,1909f56bfc062723c751e8b465ee728b)  -> (artifact id: 'c5f6f210d163bb25baee194f34f84f43') in 0.010032 seconds
  Import took 0.013667 seconds .

========================================================================
Received Import Request.
  Time since last request: 35.030807 seconds.
  path: Assets/SCripts/Camera controler.cs
  artifactKey: Guid(f19712722bb72614da9340c5a99dd3ea) Importer(815301076,1909f56bfc062723c751e8b465ee728b)
Start importing Assets/SCripts/Camera controler.cs using Guid(f19712722bb72614da9340c5a99dd3ea) Importer(815301076,1909f56bfc062723c751e8b465ee728b)  -> (artifact id: 'c2956f5d09b83ca6ebf8d2bab1d8ec32') in 0.083093 seconds
  Import took 0.085656 seconds .

========================================================================
Received Prepare
Registering precompiled user dll's ...
Registered in 0.000817 seconds.
Begin MonoManager ReloadAssembly
Native extension for WindowsStandalone target not found
Refreshing native plugins compatible for Editor in 0.25 ms, found 0 plugins.
Preloading 0 native plugins for Editor in 0.00 ms.
Invoked RoslynAnalysisRunner static constructor.
RoslynAnalysisRunner will not be running.
RoslynAnalysisRunner has terminated.
Mono: successfully reloaded assembly
- Completed reload, in  1.203 seconds
Platform modules already initialized, skipping
Refreshing native plugins compatible for Editor in 0.22 ms, found 0 plugins.
Preloading 0 native plugins for Editor in 0.00 ms.
Unloading 1109 Unused Serialized files (Serialized files now loaded: 0)
System memory in use before: 56.9 MB.
System memory in use after: 57.0 MB.

Unloading 5 unused Assets to reduce memory usage. Loaded Objects now: 1559.
Total: 2.198400 ms (FindLiveObjects: 0.201600 ms CreateObjectMapping: 0.060600 ms MarkObjects: 1.868500 ms  DeleteObjects: 0.066500 ms)

========================================================================
Received Import Request.
  Time since last request: 491.586692 seconds.
  path: Assets/SCripts/Camera controler.cs
  artifactKey: Guid(f19712722bb72614da9340c5a99dd3ea) Importer(815301076,1909f56bfc062723c751e8b465ee728b)
Start importing Assets/SCripts/Camera controler.cs using Guid(f19712722bb72614da9340c5a99dd3ea) Importer(815301076,1909f56bfc062723c751e8b465ee728b)  -> (artifact id: '803490e78352c3b8909c00130ee121ff') in 0.012437 seconds
  Import took 0.015711 seconds .

========================================================================
Received Prepare
Registering precompiled user dll's ...
Registered in 0.000798 seconds.
Begin MonoManager ReloadAssembly
Native extension for WindowsStandalone target not found
Refreshing native plugins compatible for Editor in 0.20 ms, found 0 plugins.
Preloading 0 native plugins for Editor in 0.00 ms.
Invoked RoslynAnalysisRunner static constructor.
RoslynAnalysisRunner will not be running.
RoslynAnalysisRunner has terminated.
Mono: successfully reloaded assembly
- Completed reload, in  0.844 seconds
Platform modules already initialized, skipping
Refreshing native plugins compatible for Editor in 0.23 ms, found 0 plugins.
Preloading 0 native plugins for Editor in 0.00 ms.
Unloading 1109 Unused Serialized files (Serialized files now loaded: 0)
System memory in use before: 56.9 MB.
System memory in use after: 57.0 MB.

Unloading 5 unused Assets to reduce memory usage. Loaded Objects now: 1562.
Total: 1.630500 ms (FindLiveObjects: 0.139400 ms CreateObjectMapping: 0.039900 ms MarkObjects: 1.380700 ms  DeleteObjects: 0.069500 ms)

========================================================================
Received Import Request.
  Time since last request: 413.594119 seconds.
  path: Assets/SCripts/Camera controler.cs
  artifactKey: Guid(f19712722bb72614da9340c5a99dd3ea) Importer(815301076,1909f56bfc062723c751e8b465ee728b)
Start importing Assets/SCripts/Camera controler.cs using Guid(f19712722bb72614da9340c5a99dd3ea) Importer(815301076,1909f56bfc062723c751e8b465ee728b)  -> (artifact id: 'b1753932d1001597a9ecb06795c94359') in 0.009161 seconds
  Import took 0.012633 seconds .

========================================================================
Received Import Request.
  Time since last request: 494.423460 seconds.
  path: Assets/SCripts/Cameracontroler.cs
  artifactKey: Guid(f19712722bb72614da9340c5a99dd3ea) Importer(815301076,1909f56bfc062723c751e8b465ee728b)
Start importing Assets/SCripts/Cameracontroler.cs using Guid(f19712722bb72614da9340c5a99dd3ea) Importer(815301076,1909f56bfc062723c751e8b465ee728b)  -> (artifact id: 'cf38698601a2399655455688b695fdc7') in 0.018967 seconds
  Import took 0.026039 seconds .

========================================================================
Received Import Request.
  Time since last request: 0.001732 seconds.
  path: Assets/SCripts/Cameracontroler.cs
  artifactKey: Guid(f19712722bb72614da9340c5a99dd3ea) Importer(815301076,1909f56bfc062723c751e8b465ee728b)
Start importing Assets/SCripts/Cameracontroler.cs using Guid(f19712722bb72614da9340c5a99dd3ea) Importer(815301076,1909f56bfc062723c751e8b465ee728b)  -> (artifact id: 'cf38698601a2399655455688b695fdc7') in 0.004298 seconds
  Import took 0.011446 seconds .

========================================================================
Received Prepare
Registering precompiled user dll's ...
Registered in 0.000834 seconds.
Begin MonoManager ReloadAssembly
Native extension for WindowsStandalone target not found
Refreshing native plugins compatible for Editor in 0.21 ms, found 0 plugins.
Preloading 0 native plugins for Editor in 0.00 ms.
Invoked RoslynAnalysisRunner static constructor.
RoslynAnalysisRunner will not be running.
RoslynAnalysisRunner has terminated.
Mono: successfully reloaded assembly
- Completed reload, in  0.871 seconds
Platform modules already initialized, skipping
Refreshing native plugins compatible for Editor in 0.21 ms, found 0 plugins.
Preloading 0 native plugins for Editor in 0.00 ms.
Unloading 1109 Unused Serialized files (Serialized files now loaded: 0)
System memory in use before: 57.0 MB.
System memory in use after: 57.0 MB.

Unloading 5 unused Assets to reduce memory usage. Loaded Objects now: 1565.
Total: 2.003600 ms (FindLiveObjects: 0.243600 ms CreateObjectMapping: 0.053400 ms MarkObjects: 1.648400 ms  DeleteObjects: 0.056700 ms)

========================================================================
Received Prepare
Registering precompiled user dll's ...
Registered in 0.000844 seconds.
Begin MonoManager ReloadAssembly
Native extension for WindowsStandalone target not found
Refreshing native plugins compatible for Editor in 0.21 ms, found 0 plugins.
Preloading 0 native plugins for Editor in 0.00 ms.
Invoked RoslynAnalysisRunner static constructor.
RoslynAnalysisRunner will not be running.
RoslynAnalysisRunner has terminated.
Mono: successfully reloaded assembly
- Completed reload, in  0.886 seconds
Platform modules already initialized, skipping
Refreshing native plugins compatible for Editor in 0.30 ms, found 0 plugins.
Preloading 0 native plugins for Editor in 0.00 ms.
Unloading 1109 Unused Serialized files (Serialized files now loaded: 0)
System memory in use before: 57.0 MB.
System memory in use after: 57.0 MB.

Unloading 5 unused Assets to reduce memory usage. Loaded Objects now: 1568.
Total: 1.763500 ms (FindLiveObjects: 0.184800 ms CreateObjectMapping: 0.042500 ms MarkObjects: 1.475600 ms  DeleteObjects: 0.059400 ms)

========================================================================
Received Import Request.
  Time since last request: 144.134780 seconds.
  path: Assets/Scripts
  artifactKey: Guid(8d289fdea78da8548b36f2ca6c1709d0) Importer(815301076,1909f56bfc062723c751e8b465ee728b)
Start importing Assets/Scripts using Guid(8d289fdea78da8548b36f2ca6c1709d0) Importer(815301076,1909f56bfc062723c751e8b465ee728b)  -> (artifact id: '424e42a582d611a2e4537011cdd16422') in 0.012557 seconds
  Import took 0.015636 seconds .

========================================================================
Received Prepare
Registering precompiled user dll's ...
Registered in 0.000803 seconds.
Begin MonoManager ReloadAssembly
Native extension for WindowsStandalone target not found
Refreshing native plugins compatible for Editor in 0.24 ms, found 0 plugins.
Preloading 0 native plugins for Editor in 0.00 ms.
Invoked RoslynAnalysisRunner static constructor.
RoslynAnalysisRunner will not be running.
RoslynAnalysisRunner has terminated.
Mono: successfully reloaded assembly
- Completed reload, in  1.014 seconds
Platform modules already initialized, skipping
Refreshing native plugins compatible for Editor in 0.24 ms, found 0 plugins.
Preloading 0 native plugins for Editor in 0.00 ms.
Unloading 1110 Unused Serialized files (Serialized files now loaded: 0)
System memory in use before: 57.0 MB.
System memory in use after: 57.1 MB.

Unloading 5 unused Assets to reduce memory usage. Loaded Objects now: 1572.
Total: 2.342400 ms (FindLiveObjects: 0.325600 ms CreateObjectMapping: 0.064400 ms MarkObjects: 1.892700 ms  DeleteObjects: 0.058100 ms)

========================================================================
Received Import Request.
  Time since last request: 16.152101 seconds.
  path: Assets/Scripts/NewBehaviourScript.cs
  artifactKey: Guid(20b03a9db70865c46a8d21705e4c0b21) Importer(815301076,1909f56bfc062723c751e8b465ee728b)
Start importing Assets/Scripts/NewBehaviourScript.cs using Guid(20b03a9db70865c46a8d21705e4c0b21) Importer(815301076,1909f56bfc062723c751e8b465ee728b)  -> (artifact id: 'eab4200ed24741ec34e48d41fe79a261') in 0.009372 seconds
  Import took 0.012743 seconds .

========================================================================
Received Import Request.
  Time since last request: 27.101499 seconds.
  path: Assets/Scripts/Door.cs
  artifactKey: Guid(20b03a9db70865c46a8d21705e4c0b21) Importer(815301076,1909f56bfc062723c751e8b465ee728b)
Start importing Assets/Scripts/Door.cs using Guid(20b03a9db70865c46a8d21705e4c0b21) Importer(815301076,1909f56bfc062723c751e8b465ee728b)  -> (artifact id: 'ad3e115d51998f952d2d35a79d150ccc') in 0.021520 seconds
  Import took 0.023808 seconds .

========================================================================
Received Prepare
Registering precompiled user dll's ...
Registered in 0.000778 seconds.
Begin MonoManager ReloadAssembly
Native extension for WindowsStandalone target not found
Refreshing native plugins compatible for Editor in 0.21 ms, found 0 plugins.
Preloading 0 native plugins for Editor in 0.00 ms.
Invoked RoslynAnalysisRunner static constructor.
RoslynAnalysisRunner will not be running.
RoslynAnalysisRunner has terminated.
Mono: successfully reloaded assembly
- Completed reload, in  0.846 seconds
Platform modules already initialized, skipping
Refreshing native plugins compatible for Editor in 0.21 ms, found 0 plugins.
Preloading 0 native plugins for Editor in 0.00 ms.
Unloading 1110 Unused Serialized files (Serialized files now loaded: 0)
System memory in use before: 57.0 MB.
System memory in use after: 57.1 MB.

Unloading 5 unused Assets to reduce memory usage. Loaded Objects now: 1575.
Total: 1.906200 ms (FindLiveObjects: 0.142000 ms CreateObjectMapping: 0.035400 ms MarkObjects: 1.633600 ms  DeleteObjects: 0.094500 ms)

========================================================================
Received Prepare
Registering precompiled user dll's ...
Registered in 0.004014 seconds.
Begin MonoManager ReloadAssembly
Native extension for WindowsStandalone target not found
Refreshing native plugins compatible for Editor in 0.20 ms, found 0 plugins.
Preloading 0 native plugins for Editor in 0.00 ms.
Invoked RoslynAnalysisRunner static constructor.
RoslynAnalysisRunner will not be running.
RoslynAnalysisRunner has terminated.
Mono: successfully reloaded assembly
- Completed reload, in  0.837 seconds
Platform modules already initialized, skipping
Refreshing native plugins compatible for Editor in 0.21 ms, found 0 plugins.
Preloading 0 native plugins for Editor in 0.00 ms.
Unloading 1110 Unused Serialized files (Serialized files now loaded: 0)
System memory in use before: 57.0 MB.
System memory in use after: 57.1 MB.

Unloading 5 unused Assets to reduce memory usage. Loaded Objects now: 1578.
Total: 1.885200 ms (FindLiveObjects: 0.218200 ms CreateObjectMapping: 0.098000 ms MarkObjects: 1.481500 ms  DeleteObjects: 0.084800 ms)

========================================================================
Received Import Request.
  Time since last request: 81.951245 seconds.
  path: Assets/Scripts/Door.cs
  artifactKey: Guid(20b03a9db70865c46a8d21705e4c0b21) Importer(815301076,1909f56bfc062723c751e8b465ee728b)
Start importing Assets/Scripts/Door.cs using Guid(20b03a9db70865c46a8d21705e4c0b21) Importer(815301076,1909f56bfc062723c751e8b465ee728b)  -> (artifact id: '5e477854f533d002b25a88d2431dc6fd') in 0.004507 seconds
  Import took 0.007505 seconds .

========================================================================
Received Import Request.
  Time since last request: 1252.635901 seconds.
  path: Assets/Scripts/Gun.cs
  artifactKey: Guid(3bb43356b4b64e64f856821211ec8800) Importer(815301076,1909f56bfc062723c751e8b465ee728b)
Start importing Assets/Scripts/Gun.cs using Guid(3bb43356b4b64e64f856821211ec8800) Importer(815301076,1909f56bfc062723c751e8b465ee728b)  -> (artifact id: 'd11e389b011f5390781e89939be13da0') in 0.010773 seconds
  Import took 0.016341 seconds .

========================================================================
Received Import Request.
  Time since last request: 0.000450 seconds.
  path: Assets/Scripts/Gun.cs
  artifactKey: Guid(3bb43356b4b64e64f856821211ec8800) Importer(815301076,1909f56bfc062723c751e8b465ee728b)
Start importing Assets/Scripts/Gun.cs using Guid(3bb43356b4b64e64f856821211ec8800) Importer(815301076,1909f56bfc062723c751e8b465ee728b)  -> (artifact id: 'd11e389b011f5390781e89939be13da0') in 0.004765 seconds
  Import took 0.007630 seconds .

========================================================================
Received Prepare
Registering precompiled user dll's ...
Registered in 0.000983 seconds.
Begin MonoManager ReloadAssembly
Native extension for WindowsStandalone target not found
Refreshing native plugins compatible for Editor in 0.29 ms, found 0 plugins.
Preloading 0 native plugins for Editor in 0.00 ms.
Invoked RoslynAnalysisRunner static constructor.
RoslynAnalysisRunner will not be running.
RoslynAnalysisRunner has terminated.
Mono: successfully reloaded assembly
- Completed reload, in  1.039 seconds
Platform modules already initialized, skipping
Refreshing native plugins compatible for Editor in 0.46 ms, found 0 plugins.
Preloading 0 native plugins for Editor in 0.00 ms.
Unloading 1111 Unused Serialized files (Serialized files now loaded: 0)
System memory in use before: 57.0 MB.
System memory in use after: 57.1 MB.

Unloading 5 unused Assets to reduce memory usage. Loaded Objects now: 1582.
Total: 1.692400 ms (FindLiveObjects: 0.164800 ms CreateObjectMapping: 0.043200 ms MarkObjects: 1.403000 ms  DeleteObjects: 0.080000 ms)

========================================================================
Received Prepare
Registering precompiled user dll's ...
Registered in 0.001373 seconds.
Begin MonoManager ReloadAssembly
Native extension for WindowsStandalone target not found
Refreshing native plugins compatible for Editor in 0.26 ms, found 0 plugins.
Preloading 0 native plugins for Editor in 0.00 ms.
Invoked RoslynAnalysisRunner static constructor.
RoslynAnalysisRunner will not be running.
RoslynAnalysisRunner has terminated.
Mono: successfully reloaded assembly
- Completed reload, in  0.866 seconds
Platform modules already initialized, skipping
Refreshing native plugins compatible for Editor in 0.34 ms, found 0 plugins.
Preloading 0 native plugins for Editor in 0.00 ms.
Unloading 1111 Unused Serialized files (Serialized files now loaded: 0)
System memory in use before: 57.0 MB.
System memory in use after: 57.1 MB.

Unloading 5 unused Assets to reduce memory usage. Loaded Objects now: 1585.
Total: 1.806200 ms (FindLiveObjects: 0.251600 ms CreateObjectMapping: 0.063200 ms MarkObjects: 1.437800 ms  DeleteObjects: 0.052700 ms)

========================================================================
Received Import Request.
  Time since last request: 54.620457 seconds.
  path: Assets/Scripts/Gun.cs
  artifactKey: Guid(3bb43356b4b64e64f856821211ec8800) Importer(815301076,1909f56bfc062723c751e8b465ee728b)
Start importing Assets/Scripts/Gun.cs using Guid(3bb43356b4b64e64f856821211ec8800) Importer(815301076,1909f56bfc062723c751e8b465ee728b)  -> (artifact id: 'fb235c7e985228e89b776e5ba2c3d521') in 0.005221 seconds
  Import took 0.008241 seconds .

========================================================================
Received Prepare
Registering precompiled user dll's ...
Registered in 0.001259 seconds.
Begin MonoManager ReloadAssembly
Native extension for WindowsStandalone target not found
Refreshing native plugins compatible for Editor in 0.49 ms, found 0 plugins.
Preloading 0 native plugins for Editor in 0.00 ms.
Invoked RoslynAnalysisRunner static constructor.
RoslynAnalysisRunner will not be running.
RoslynAnalysisRunner has terminated.
Mono: successfully reloaded assembly
- Completed reload, in  0.828 seconds
Platform modules already initialized, skipping
Refreshing native plugins compatible for Editor in 0.38 ms, found 0 plugins.
Preloading 0 native plugins for Editor in 0.00 ms.
Unloading 1112 Unused Serialized files (Serialized files now loaded: 0)
System memory in use before: 57.1 MB.
System memory in use after: 57.1 MB.

Unloading 5 unused Assets to reduce memory usage. Loaded Objects now: 1589.
Total: 2.036700 ms (FindLiveObjects: 0.217800 ms CreateObjectMapping: 0.056700 ms MarkObjects: 1.695000 ms  DeleteObjects: 0.065000 ms)

========================================================================
Received Import Request.
  Time since last request: 19.083158 seconds.
  path: Assets/Scripts/NewBehaviourScript.cs
  artifactKey: Guid(087f9cea1e06f2a4ba9b500133d34c12) Importer(815301076,1909f56bfc062723c751e8b465ee728b)
Start importing Assets/Scripts/NewBehaviourScript.cs using Guid(087f9cea1e06f2a4ba9b500133d34c12) Importer(815301076,1909f56bfc062723c751e8b465ee728b)  -> (artifact id: 'edf08d0afe8b9da61abc0b8281d37854') in 0.008339 seconds
  Import took 0.010975 seconds .

========================================================================
Received Import Request.
  Time since last request: 11.983749 seconds.
  path: Assets/Scripts/PlayerMovement.cs
  artifactKey: Guid(087f9cea1e06f2a4ba9b500133d34c12) Importer(815301076,1909f56bfc062723c751e8b465ee728b)
Start importing Assets/Scripts/PlayerMovement.cs using Guid(087f9cea1e06f2a4ba9b500133d34c12) Importer(815301076,1909f56bfc062723c751e8b465ee728b)  -> (artifact id: '0fb440c9e5dbac3fa24eb1901d512223') in 0.013272 seconds
  Import took 0.016048 seconds .

========================================================================
Received Prepare
Registering precompiled user dll's ...
Registered in 0.000784 seconds.
Begin MonoManager ReloadAssembly
Native extension for WindowsStandalone target not found
Refreshing native plugins compatible for Editor in 0.24 ms, found 0 plugins.
Preloading 0 native plugins for Editor in 0.00 ms.
Invoked RoslynAnalysisRunner static constructor.
RoslynAnalysisRunner will not be running.
RoslynAnalysisRunner has terminated.
Mono: successfully reloaded assembly
- Completed reload, in  0.861 seconds
Platform modules already initialized, skipping
Refreshing native plugins compatible for Editor in 0.20 ms, found 0 plugins.
Preloading 0 native plugins for Editor in 0.00 ms.
Unloading 1112 Unused Serialized files (Serialized files now loaded: 0)
System memory in use before: 57.1 MB.
System memory in use after: 57.1 MB.

Unloading 5 unused Assets to reduce memory usage. Loaded Objects now: 1592.
Total: 1.944500 ms (FindLiveObjects: 0.146000 ms CreateObjectMapping: 0.038400 ms MarkObjects: 1.682300 ms  DeleteObjects: 0.076700 ms)

========================================================================
Received Prepare
Registering precompiled user dll's ...
Registered in 0.002889 seconds.
Begin MonoManager ReloadAssembly
Native extension for WindowsStandalone target not found
Refreshing native plugins compatible for Editor in 0.20 ms, found 0 plugins.
Preloading 0 native plugins for Editor in 0.00 ms.
Invoked RoslynAnalysisRunner static constructor.
RoslynAnalysisRunner will not be running.
RoslynAnalysisRunner has terminated.
Mono: successfully reloaded assembly
- Completed reload, in  0.849 seconds
Platform modules already initialized, skipping
Refreshing native plugins compatible for Editor in 0.21 ms, found 0 plugins.
Preloading 0 native plugins for Editor in 0.00 ms.
Unloading 1112 Unused Serialized files (Serialized files now loaded: 0)
System memory in use before: 57.1 MB.
System memory in use after: 57.1 MB.

Unloading 5 unused Assets to reduce memory usage. Loaded Objects now: 1595.
Total: 1.907500 ms (FindLiveObjects: 0.314500 ms CreateObjectMapping: 0.058600 ms MarkObjects: 1.452000 ms  DeleteObjects: 0.081300 ms)

========================================================================
Received Import Request.
  Time since last request: 57.317649 seconds.
  path: Assets/Scripts/PlayerMovement.cs
  artifactKey: Guid(087f9cea1e06f2a4ba9b500133d34c12) Importer(815301076,1909f56bfc062723c751e8b465ee728b)
Start importing Assets/Scripts/PlayerMovement.cs using Guid(087f9cea1e06f2a4ba9b500133d34c12) Importer(815301076,1909f56bfc062723c751e8b465ee728b)  -> (artifact id: '5e14642309b6bdd62a31c4eb21126bf1') in 0.004182 seconds
  Import took 0.006189 seconds .

========================================================================
Received Import Request.
  Time since last request: 14.147142 seconds.
  path: Assets/Scripts/Enemy.cs
  artifactKey: Guid(a959b765d61db14478c8f6667c805f27) Importer(815301076,1909f56bfc062723c751e8b465ee728b)
Start importing Assets/Scripts/Enemy.cs using Guid(a959b765d61db14478c8f6667c805f27) Importer(815301076,1909f56bfc062723c751e8b465ee728b)  -> (artifact id: '4b12dc14441a1ad6fd61892c7b353a95') in 0.008955 seconds
  Import took 0.011647 seconds .

========================================================================
Received Prepare
Registering precompiled user dll's ...
Registered in 0.000843 seconds.
Begin MonoManager ReloadAssembly
Native extension for WindowsStandalone target not found
Refreshing native plugins compatible for Editor in 0.27 ms, found 0 plugins.
Preloading 0 native plugins for Editor in 0.00 ms.
Invoked RoslynAnalysisRunner static constructor.
RoslynAnalysisRunner will not be running.
RoslynAnalysisRunner has terminated.
Mono: successfully reloaded assembly
- Completed reload, in  0.840 seconds
Platform modules already initialized, skipping
Refreshing native plugins compatible for Editor in 0.25 ms, found 0 plugins.
Preloading 0 native plugins for Editor in 0.00 ms.
Unloading 1113 Unused Serialized files (Serialized files now loaded: 0)
System memory in use before: 57.1 MB.
System memory in use after: 57.2 MB.

Unloading 5 unused Assets to reduce memory usage. Loaded Objects now: 1599.
Total: 1.800300 ms (FindLiveObjects: 0.140900 ms CreateObjectMapping: 0.035200 ms MarkObjects: 1.528400 ms  DeleteObjects: 0.082100 ms)

========================================================================
Received Prepare
Registering precompiled user dll's ...
Registered in 0.000964 seconds.
Begin MonoManager ReloadAssembly
Native extension for WindowsStandalone target not found
Refreshing native plugins compatible for Editor in 0.20 ms, found 0 plugins.
Preloading 0 native plugins for Editor in 0.00 ms.
Invoked RoslynAnalysisRunner static constructor.
RoslynAnalysisRunner will not be running.
RoslynAnalysisRunner has terminated.
Mono: successfully reloaded assembly
- Completed reload, in  0.908 seconds
Platform modules already initialized, skipping
Refreshing native plugins compatible for Editor in 0.21 ms, found 0 plugins.
Preloading 0 native plugins for Editor in 0.00 ms.
Unloading 1113 Unused Serialized files (Serialized files now loaded: 0)
System memory in use before: 57.2 MB.
System memory in use after: 57.2 MB.

Unloading 5 unused Assets to reduce memory usage. Loaded Objects now: 1602.
Total: 2.024000 ms (FindLiveObjects: 0.164000 ms CreateObjectMapping: 0.043500 ms MarkObjects: 1.713200 ms  DeleteObjects: 0.102100 ms)

========================================================================
Received Prepare
Registering precompiled user dll's ...
Registered in 0.001333 seconds.
Begin MonoManager ReloadAssembly
Native extension for WindowsStandalone target not found
Refreshing native plugins compatible for Editor in 0.65 ms, found 0 plugins.
Preloading 0 native plugins for Editor in 0.00 ms.
Invoked RoslynAnalysisRunner static constructor.
RoslynAnalysisRunner will not be running.
RoslynAnalysisRunner has terminated.
Mono: successfully reloaded assembly
- Completed reload, in  0.953 seconds
Platform modules already initialized, skipping
Refreshing native plugins compatible for Editor in 0.21 ms, found 0 plugins.
Preloading 0 native plugins for Editor in 0.00 ms.
Unloading 1113 Unused Serialized files (Serialized files now loaded: 0)
System memory in use before: 57.2 MB.
System memory in use after: 57.2 MB.

Unloading 5 unused Assets to reduce memory usage. Loaded Objects now: 1605.
Total: 1.720900 ms (FindLiveObjects: 0.209600 ms CreateObjectMapping: 0.039000 ms MarkObjects: 1.389900 ms  DeleteObjects: 0.081100 ms)

========================================================================
Received Prepare
Registering precompiled user dll's ...
Registered in 0.003399 seconds.
Begin MonoManager ReloadAssembly
Native extension for WindowsStandalone target not found
Refreshing native plugins compatible for Editor in 0.22 ms, found 0 plugins.
Preloading 0 native plugins for Editor in 0.00 ms.
Invoked RoslynAnalysisRunner static constructor.
RoslynAnalysisRunner will not be running.
RoslynAnalysisRunner has terminated.
Mono: successfully reloaded assembly
- Completed reload, in  0.837 seconds
Platform modules already initialized, skipping
Refreshing native plugins compatible for Editor in 0.21 ms, found 0 plugins.
Preloading 0 native plugins for Editor in 0.00 ms.
Unloading 1113 Unused Serialized files (Serialized files now loaded: 0)
System memory in use before: 57.2 MB.
System memory in use after: 57.2 MB.

Unloading 5 unused Assets to reduce memory usage. Loaded Objects now: 1608.
Total: 1.958500 ms (FindLiveObjects: 0.194700 ms CreateObjectMapping: 0.050100 ms MarkObjects: 1.626400 ms  DeleteObjects: 0.086300 ms)

========================================================================
Received Prepare
Registering precompiled user dll's ...
Registered in 0.000793 seconds.
Begin MonoManager ReloadAssembly
Native extension for WindowsStandalone target not found
Refreshing native plugins compatible for Editor in 0.21 ms, found 0 plugins.
Preloading 0 native plugins for Editor in 0.00 ms.
Invoked RoslynAnalysisRunner static constructor.
RoslynAnalysisRunner will not be running.
RoslynAnalysisRunner has terminated.
Mono: successfully reloaded assembly
- Completed reload, in  1.106 seconds
Platform modules already initialized, skipping
Refreshing native plugins compatible for Editor in 0.66 ms, found 0 plugins.
Preloading 0 native plugins for Editor in 0.00 ms.
Unloading 1113 Unused Serialized files (Serialized files now loaded: 0)
System memory in use before: 57.2 MB.
System memory in use after: 57.2 MB.

Unloading 5 unused Assets to reduce memory usage. Loaded Objects now: 1611.
Total: 1.866200 ms (FindLiveObjects: 0.243400 ms CreateObjectMapping: 0.042000 ms MarkObjects: 1.480200 ms  DeleteObjects: 0.099400 ms)

========================================================================
Received Prepare
Registering precompiled user dll's ...
Registered in 0.001215 seconds.
Begin MonoManager ReloadAssembly
Native extension for WindowsStandalone target not found
Refreshing native plugins compatible for Editor in 0.36 ms, found 0 plugins.
Preloading 0 native plugins for Editor in 0.00 ms.
Invoked RoslynAnalysisRunner static constructor.
RoslynAnalysisRunner will not be running.
RoslynAnalysisRunner has terminated.
Mono: successfully reloaded assembly
- Completed reload, in  1.197 seconds
Platform modules already initialized, skipping
Refreshing native plugins compatible for Editor in 0.24 ms, found 0 plugins.
Preloading 0 native plugins for Editor in 0.00 ms.
Unloading 1113 Unused Serialized files (Serialized files now loaded: 0)
System memory in use before: 57.2 MB.
System memory in use after: 57.3 MB.

Unloading 5 unused Assets to reduce memory usage. Loaded Objects now: 1614.
Total: 2.702800 ms (FindLiveObjects: 0.221200 ms CreateObjectMapping: 0.057800 ms MarkObjects: 2.362400 ms  DeleteObjects: 0.059700 ms)

========================================================================
Received Import Request.
  Time since last request: 1158.839215 seconds.
  path: Assets/Scripts/CameraControler.cs
  artifactKey: Guid(f19712722bb72614da9340c5a99dd3ea) Importer(815301076,1909f56bfc062723c751e8b465ee728b)
Start importing Assets/Scripts/CameraControler.cs using Guid(f19712722bb72614da9340c5a99dd3ea) Importer(815301076,1909f56bfc062723c751e8b465ee728b)  -> (artifact id: '090ee38fb4fc3c550012964f7ed76178') in 0.011286 seconds
  Import took 0.013844 seconds .

========================================================================
Received Import Request.
  Time since last request: 0.002523 seconds.
  path: Assets/Scripts/CameraControler.cs
  artifactKey: Guid(f19712722bb72614da9340c5a99dd3ea) Importer(815301076,1909f56bfc062723c751e8b465ee728b)
Start importing Assets/Scripts/CameraControler.cs using Guid(f19712722bb72614da9340c5a99dd3ea) Importer(815301076,1909f56bfc062723c751e8b465ee728b)  -> (artifact id: '090ee38fb4fc3c550012964f7ed76178') in 0.003472 seconds
  Import took 0.006107 seconds .

========================================================================
Received Prepare
Registering precompiled user dll's ...
Registered in 0.005843 seconds.
Begin MonoManager ReloadAssembly
Native extension for WindowsStandalone target not found
Refreshing native plugins compatible for Editor in 0.22 ms, found 0 plugins.
Preloading 0 native plugins for Editor in 0.00 ms.
Invoked RoslynAnalysisRunner static constructor.
RoslynAnalysisRunner will not be running.
RoslynAnalysisRunner has terminated.
Mono: successfully reloaded assembly
- Completed reload, in  1.379 seconds
Platform modules already initialized, skipping
Refreshing native plugins compatible for Editor in 0.29 ms, found 0 plugins.
Preloading 0 native plugins for Editor in 0.00 ms.
Unloading 1113 Unused Serialized files (Serialized files now loaded: 0)
System memory in use before: 57.2 MB.
System memory in use after: 57.3 MB.

Unloading 5 unused Assets to reduce memory usage. Loaded Objects now: 1617.
Total: 2.625600 ms (FindLiveObjects: 0.180700 ms CreateObjectMapping: 0.056600 ms MarkObjects: 2.330700 ms  DeleteObjects: 0.055600 ms)

========================================================================
Received Import Request.
  Time since last request: 59.342780 seconds.
  path: Assets/Scripts/CameraControler.cs
  artifactKey: Guid(f19712722bb72614da9340c5a99dd3ea) Importer(815301076,1909f56bfc062723c751e8b465ee728b)
Start importing Assets/Scripts/CameraControler.cs using Guid(f19712722bb72614da9340c5a99dd3ea) Importer(815301076,1909f56bfc062723c751e8b465ee728b)  -> (artifact id: 'f19c48f10c6319bb4e901f4fed82be8e') in 0.009370 seconds
  Import took 0.015376 seconds .

========================================================================
Received Import Request.
  Time since last request: 48.475232 seconds.
  path: Assets/Scripts/Cameracontroler.cs
  artifactKey: Guid(f19712722bb72614da9340c5a99dd3ea) Importer(815301076,1909f56bfc062723c751e8b465ee728b)
Start importing Assets/Scripts/Cameracontroler.cs using Guid(f19712722bb72614da9340c5a99dd3ea) Importer(815301076,1909f56bfc062723c751e8b465ee728b)  -> (artifact id: '9f9495fed45f9b5075009173ee5ecdff') in 0.004296 seconds
  Import took 0.008682 seconds .

========================================================================
Received Prepare
Registering precompiled user dll's ...
Registered in 0.000889 seconds.
Begin MonoManager ReloadAssembly
Native extension for WindowsStandalone target not found
Refreshing native plugins compatible for Editor in 0.20 ms, found 0 plugins.
Preloading 0 native plugins for Editor in 0.00 ms.
Invoked RoslynAnalysisRunner static constructor.
RoslynAnalysisRunner will not be running.
RoslynAnalysisRunner has terminated.
Mono: successfully reloaded assembly
- Completed reload, in  0.842 seconds
Platform modules already initialized, skipping
Refreshing native plugins compatible for Editor in 0.30 ms, found 0 plugins.
Preloading 0 native plugins for Editor in 0.00 ms.
Unloading 1113 Unused Serialized files (Serialized files now loaded: 0)
System memory in use before: 57.2 MB.
System memory in use after: 57.3 MB.

Unloading 5 unused Assets to reduce memory usage. Loaded Objects now: 1620.
Total: 1.795100 ms (FindLiveObjects: 0.147300 ms CreateObjectMapping: 0.037100 ms MarkObjects: 1.545400 ms  DeleteObjects: 0.063900 ms)

========================================================================
Received Prepare
Registering precompiled user dll's ...
Registered in 0.000837 seconds.
Begin MonoManager ReloadAssembly
Native extension for WindowsStandalone target not found
Refreshing native plugins compatible for Editor in 0.21 ms, found 0 plugins.
Preloading 0 native plugins for Editor in 0.00 ms.
Invoked RoslynAnalysisRunner static constructor.
RoslynAnalysisRunner will not be running.
RoslynAnalysisRunner has terminated.
Mono: successfully reloaded assembly
- Completed reload, in  0.889 seconds
Platform modules already initialized, skipping
Refreshing native plugins compatible for Editor in 0.24 ms, found 0 plugins.
Preloading 0 native plugins for Editor in 0.00 ms.
Unloading 1112 Unused Serialized files (Serialized files now loaded: 0)
System memory in use before: 57.2 MB.
System memory in use after: 57.2 MB.

Unloading 6 unused Assets to reduce memory usage. Loaded Objects now: 1622.
Total: 1.621500 ms (FindLiveObjects: 0.163500 ms CreateObjectMapping: 0.047000 ms MarkObjects: 1.357600 ms  DeleteObjects: 0.052300 ms)

========================================================================
Received Prepare
Registering precompiled user dll's ...
Registered in 0.001895 seconds.
Begin MonoManager ReloadAssembly
Native extension for WindowsStandalone target not found
Refreshing native plugins compatible for Editor in 0.21 ms, found 0 plugins.
Preloading 0 native plugins for Editor in 0.00 ms.
Invoked RoslynAnalysisRunner static constructor.
RoslynAnalysisRunner will not be running.
RoslynAnalysisRunner has terminated.
Mono: successfully reloaded assembly
- Completed reload, in  0.883 seconds
Platform modules already initialized, skipping
Refreshing native plugins compatible for Editor in 0.21 ms, found 0 plugins.
Preloading 0 native plugins for Editor in 0.00 ms.
Unloading 1112 Unused Serialized files (Serialized files now loaded: 0)
System memory in use before: 57.2 MB.
System memory in use after: 57.3 MB.

Unloading 5 unused Assets to reduce memory usage. Loaded Objects now: 1625.
Total: 1.772500 ms (FindLiveObjects: 0.141500 ms CreateObjectMapping: 0.037300 ms MarkObjects: 1.543700 ms  DeleteObjects: 0.048800 ms)

========================================================================
Received Prepare
Registering precompiled user dll's ...
Registered in 0.000786 seconds.
Begin MonoManager ReloadAssembly
Native extension for WindowsStandalone target not found
Refreshing native plugins compatible for Editor in 0.20 ms, found 0 plugins.
Preloading 0 native plugins for Editor in 0.00 ms.
Invoked RoslynAnalysisRunner static constructor.
RoslynAnalysisRunner will not be running.
RoslynAnalysisRunner has terminated.
Mono: successfully reloaded assembly
- Completed reload, in  0.860 seconds
Platform modules already initialized, skipping
Refreshing native plugins compatible for Editor in 0.21 ms, found 0 plugins.
Preloading 0 native plugins for Editor in 0.00 ms.
Unloading 1111 Unused Serialized files (Serialized files now loaded: 0)
System memory in use before: 57.2 MB.
System memory in use after: 57.2 MB.

Unloading 6 unused Assets to reduce memory usage. Loaded Objects now: 1627.
Total: 2.362800 ms (FindLiveObjects: 0.511900 ms CreateObjectMapping: 0.122300 ms MarkObjects: 1.654900 ms  DeleteObjects: 0.071600 ms)

========================================================================
Received Prepare
Registering precompiled user dll's ...
Registered in 0.000962 seconds.
Begin MonoManager ReloadAssembly
Native extension for WindowsStandalone target not found
Refreshing native plugins compatible for Editor in 0.21 ms, found 0 plugins.
Preloading 0 native plugins for Editor in 0.00 ms.
Invoked RoslynAnalysisRunner static constructor.
RoslynAnalysisRunner will not be running.
RoslynAnalysisRunner has terminated.
Mono: successfully reloaded assembly
- Completed reload, in  0.846 seconds
Platform modules already initialized, skipping
Refreshing native plugins compatible for Editor in 0.20 ms, found 0 plugins.
Preloading 0 native plugins for Editor in 0.00 ms.
Unloading 1110 Unused Serialized files (Serialized files now loaded: 0)
System memory in use before: 57.1 MB.
System memory in use after: 57.2 MB.

Unloading 6 unused Assets to reduce memory usage. Loaded Objects now: 1629.
Total: 1.688600 ms (FindLiveObjects: 0.133700 ms CreateObjectMapping: 0.035000 ms MarkObjects: 1.434500 ms  DeleteObjects: 0.084600 ms)

========================================================================
Received Prepare
Registering precompiled user dll's ...
Registered in 0.000862 seconds.
Begin MonoManager ReloadAssembly
Native extension for WindowsStandalone target not found
Refreshing native plugins compatible for Editor in 0.27 ms, found 0 plugins.
Preloading 0 native plugins for Editor in 0.00 ms.
Invoked RoslynAnalysisRunner static constructor.
RoslynAnalysisRunner will not be running.
RoslynAnalysisRunner has terminated.
Mono: successfully reloaded assembly
- Completed reload, in  0.894 seconds
Platform modules already initialized, skipping
Refreshing native plugins compatible for Editor in 0.20 ms, found 0 plugins.
Preloading 0 native plugins for Editor in 0.00 ms.
Unloading 1109 Unused Serialized files (Serialized files now loaded: 0)
System memory in use before: 57.1 MB.
System memory in use after: 57.2 MB.

Unloading 6 unused Assets to reduce memory usage. Loaded Objects now: 1631.
Total: 1.942300 ms (FindLiveObjects: 0.203500 ms CreateObjectMapping: 0.062900 ms MarkObjects: 1.618800 ms  DeleteObjects: 0.055900 ms)

========================================================================
Received Prepare
Registering precompiled user dll's ...
Registered in 0.000832 seconds.
Begin MonoManager ReloadAssembly
Native extension for WindowsStandalone target not found
Refreshing native plugins compatible for Editor in 0.20 ms, found 0 plugins.
Preloading 0 native plugins for Editor in 0.00 ms.
Invoked RoslynAnalysisRunner static constructor.
RoslynAnalysisRunner will not be running.
RoslynAnalysisRunner has terminated.
Mono: successfully reloaded assembly
- Completed reload, in  0.853 seconds
Platform modules already initialized, skipping
Refreshing native plugins compatible for Editor in 0.20 ms, found 0 plugins.
Preloading 0 native plugins for Editor in 0.00 ms.
Unloading 1109 Unused Serialized files (Serialized files now loaded: 0)
System memory in use before: 57.1 MB.
System memory in use after: 57.2 MB.

Unloading 5 unused Assets to reduce memory usage. Loaded Objects now: 1634.
Total: 1.804900 ms (FindLiveObjects: 0.149600 ms CreateObjectMapping: 0.039500 ms MarkObjects: 1.566100 ms  DeleteObjects: 0.048900 ms)

========================================================================
Received Import Request.
  Time since last request: 229.513894 seconds.
  path: Assets/Scripts/CameraControler.cs
  artifactKey: Guid(f19712722bb72614da9340c5a99dd3ea) Importer(815301076,1909f56bfc062723c751e8b465ee728b)
Start importing Assets/Scripts/CameraControler.cs using Guid(f19712722bb72614da9340c5a99dd3ea) Importer(815301076,1909f56bfc062723c751e8b465ee728b)  -> (artifact id: '4dee9fd56f74ca8e825dcf912e4b7825') in 0.004292 seconds
  Import took 0.007076 seconds .

========================================================================
Received Import Request.
  Time since last request: 23.800863 seconds.
  path: Assets/Scripts/CameraController.cs
  artifactKey: Guid(f19712722bb72614da9340c5a99dd3ea) Importer(815301076,1909f56bfc062723c751e8b465ee728b)
Start importing Assets/Scripts/CameraController.cs using Guid(f19712722bb72614da9340c5a99dd3ea) Importer(815301076,1909f56bfc062723c751e8b465ee728b)  -> (artifact id: '0e6c48379209bb444618a4cfc13256fe') in 0.009677 seconds
  Import took 0.012281 seconds .

========================================================================
Received Import Request.
  Time since last request: 0.001685 seconds.
  path: Assets/Scripts/CameraController.cs
  artifactKey: Guid(f19712722bb72614da9340c5a99dd3ea) Importer(815301076,1909f56bfc062723c751e8b465ee728b)
Start importing Assets/Scripts/CameraController.cs using Guid(f19712722bb72614da9340c5a99dd3ea) Importer(815301076,1909f56bfc062723c751e8b465ee728b)  -> (artifact id: '0e6c48379209bb444618a4cfc13256fe') in 0.003760 seconds
  Import took 0.005837 seconds .

========================================================================
Received Prepare
Registering precompiled user dll's ...
Registered in 0.000779 seconds.
Begin MonoManager ReloadAssembly
Native extension for WindowsStandalone target not found
Refreshing native plugins compatible for Editor in 0.20 ms, found 0 plugins.
Preloading 0 native plugins for Editor in 0.00 ms.
Invoked RoslynAnalysisRunner static constructor.
RoslynAnalysisRunner will not be running.
RoslynAnalysisRunner has terminated.
Mono: successfully reloaded assembly
- Completed reload, in  0.875 seconds
Platform modules already initialized, skipping
Refreshing native plugins compatible for Editor in 0.20 ms, found 0 plugins.
Preloading 0 native plugins for Editor in 0.00 ms.
Unloading 1109 Unused Serialized files (Serialized files now loaded: 0)
System memory in use before: 57.1 MB.
System memory in use after: 57.2 MB.

Unloading 5 unused Assets to reduce memory usage. Loaded Objects now: 1637.
Total: 1.720400 ms (FindLiveObjects: 0.166300 ms CreateObjectMapping: 0.043500 ms MarkObjects: 1.428700 ms  DeleteObjects: 0.080600 ms)

========================================================================
Received Import Request.
  Time since last request: 130.023587 seconds.
  path: Assets/Scripts/NewBehaviourScript.cs
  artifactKey: Guid(1f9a240f81552724dabaaa60f1438f3d) Importer(815301076,1909f56bfc062723c751e8b465ee728b)
Start importing Assets/Scripts/NewBehaviourScript.cs using Guid(1f9a240f81552724dabaaa60f1438f3d) Importer(815301076,1909f56bfc062723c751e8b465ee728b)  -> (artifact id: '3aaf0ded228515228453095702b215d4') in 0.020107 seconds
  Import took 0.030368 seconds .

========================================================================
Received Prepare
Registering precompiled user dll's ...
Registered in 0.000961 seconds.
Begin MonoManager ReloadAssembly
Native extension for WindowsStandalone target not found
Refreshing native plugins compatible for Editor in 0.20 ms, found 0 plugins.
Preloading 0 native plugins for Editor in 0.00 ms.
Invoked RoslynAnalysisRunner static constructor.
RoslynAnalysisRunner will not be running.
RoslynAnalysisRunner has terminated.
Mono: successfully reloaded assembly
- Completed reload, in  0.831 seconds
Platform modules already initialized, skipping
Refreshing native plugins compatible for Editor in 0.20 ms, found 0 plugins.
Preloading 0 native plugins for Editor in 0.00 ms.
Unloading 1110 Unused Serialized files (Serialized files now loaded: 0)
System memory in use before: 57.1 MB.
System memory in use after: 57.2 MB.

Unloading 5 unused Assets to reduce memory usage. Loaded Objects now: 1641.
Total: 1.879800 ms (FindLiveObjects: 0.166200 ms CreateObjectMapping: 0.038600 ms MarkObjects: 1.588400 ms  DeleteObjects: 0.085400 ms)

========================================================================
Received Import Request.
  Time since last request: 54.340259 seconds.
  path: Assets/Scripts/PlayerMovement.cs
  artifactKey: Guid(1f9a240f81552724dabaaa60f1438f3d) Importer(815301076,1909f56bfc062723c751e8b465ee728b)
Start importing Assets/Scripts/PlayerMovement.cs using Guid(1f9a240f81552724dabaaa60f1438f3d) Importer(815301076,1909f56bfc062723c751e8b465ee728b)  -> (artifact id: 'e958c2cc02426db1aa63b41b4fe84ccd') in 0.007523 seconds
  Import took 0.011999 seconds .

========================================================================
Received Import Request.
  Time since last request: 0.007108 seconds.
  path: Assets/Scripts/PlayerMovement.cs
  artifactKey: Guid(1f9a240f81552724dabaaa60f1438f3d) Importer(815301076,1909f56bfc062723c751e8b465ee728b)
Start importing Assets/Scripts/PlayerMovement.cs using Guid(1f9a240f81552724dabaaa60f1438f3d) Importer(815301076,1909f56bfc062723c751e8b465ee728b)  -> (artifact id: 'e958c2cc02426db1aa63b41b4fe84ccd') in 0.007691 seconds
  Import took 0.010421 seconds .

========================================================================
Received Prepare
Registering precompiled user dll's ...
Registered in 0.001054 seconds.
Begin MonoManager ReloadAssembly
Native extension for WindowsStandalone target not found
Refreshing native plugins compatible for Editor in 0.21 ms, found 0 plugins.
Preloading 0 native plugins for Editor in 0.00 ms.
Invoked RoslynAnalysisRunner static constructor.
RoslynAnalysisRunner will not be running.
RoslynAnalysisRunner has terminated.
Mono: successfully reloaded assembly
- Completed reload, in  1.102 seconds
Platform modules already initialized, skipping
Refreshing native plugins compatible for Editor in 0.27 ms, found 0 plugins.
Preloading 0 native plugins for Editor in 0.00 ms.
Unloading 1110 Unused Serialized files (Serialized files now loaded: 0)
System memory in use before: 57.1 MB.
System memory in use after: 57.2 MB.

Unloading 5 unused Assets to reduce memory usage. Loaded Objects now: 1644.
Total: 1.918300 ms (FindLiveObjects: 0.237000 ms CreateObjectMapping: 0.056800 ms MarkObjects: 1.562800 ms  DeleteObjects: 0.060300 ms)

========================================================================
Received Import Request.
  Time since last request: 2756.916956 seconds.
  path: Assets/Scripts/PlayerMovement.cs
  artifactKey: Guid(1f9a240f81552724dabaaa60f1438f3d) Importer(815301076,1909f56bfc062723c751e8b465ee728b)
Start importing Assets/Scripts/PlayerMovement.cs using Guid(1f9a240f81552724dabaaa60f1438f3d) Importer(815301076,1909f56bfc062723c751e8b465ee728b)  -> (artifact id: '84aa19e62fa0bc83c89eb0e94eb3f832') in 0.019089 seconds
  Import took 0.026631 seconds .

========================================================================
Received Import Request.
  Time since last request: 0.013191 seconds.
  path: Assets/Scripts/PlayerMovement.cs
  artifactKey: Guid(1f9a240f81552724dabaaa60f1438f3d) Importer(815301076,1909f56bfc062723c751e8b465ee728b)
Start importing Assets/Scripts/PlayerMovement.cs using Guid(1f9a240f81552724dabaaa60f1438f3d) Importer(815301076,1909f56bfc062723c751e8b465ee728b)  -> (artifact id: '84aa19e62fa0bc83c89eb0e94eb3f832') in 0.002889 seconds
  Import took 0.007751 seconds .

========================================================================
Received Import Request.
  Time since last request: 424.643900 seconds.
  path: Assets/PlayerMovement.cs
  artifactKey: Guid(72279305302baad41a8d1c8dfc962ab0) Importer(815301076,1909f56bfc062723c751e8b465ee728b)
Start importing Assets/PlayerMovement.cs using Guid(72279305302baad41a8d1c8dfc962ab0) Importer(815301076,1909f56bfc062723c751e8b465ee728b)  -> (artifact id: '1d7a620efd9bb833356ed72ddd885af1') in 0.004476 seconds
  Import took 0.008875 seconds .

========================================================================
Received Import Request.
  Time since last request: 0.002580 seconds.
  path: Assets/PlayerMovement.cs
  artifactKey: Guid(72279305302baad41a8d1c8dfc962ab0) Importer(815301076,1909f56bfc062723c751e8b465ee728b)
Start importing Assets/PlayerMovement.cs using Guid(72279305302baad41a8d1c8dfc962ab0) Importer(815301076,1909f56bfc062723c751e8b465ee728b)  -> (artifact id: '1d7a620efd9bb833356ed72ddd885af1') in 0.003276 seconds
  Import took 0.006077 seconds .

========================================================================
Received Prepare
Registering precompiled user dll's ...
Registered in 0.000853 seconds.
Begin MonoManager ReloadAssembly
Native extension for WindowsStandalone target not found
Refreshing native plugins compatible for Editor in 0.21 ms, found 0 plugins.
Preloading 0 native plugins for Editor in 0.00 ms.
Invoked RoslynAnalysisRunner static constructor.
RoslynAnalysisRunner will not be running.
RoslynAnalysisRunner has terminated.
Mono: successfully reloaded assembly
- Completed reload, in  1.045 seconds
Platform modules already initialized, skipping
Refreshing native plugins compatible for Editor in 0.20 ms, found 0 plugins.
Preloading 0 native plugins for Editor in 0.00 ms.
Unloading 1109 Unused Serialized files (Serialized files now loaded: 0)
System memory in use before: 57.1 MB.
System memory in use after: 57.2 MB.

Unloading 6 unused Assets to reduce memory usage. Loaded Objects now: 1646.
Total: 2.460700 ms (FindLiveObjects: 0.213400 ms CreateObjectMapping: 0.151400 ms MarkObjects: 1.985200 ms  DeleteObjects: 0.109000 ms)

========================================================================
Received Prepare
Registering precompiled user dll's ...
Registered in 0.000979 seconds.
Begin MonoManager ReloadAssembly
Native extension for WindowsStandalone target not found
Refreshing native plugins compatible for Editor in 0.34 ms, found 0 plugins.
Preloading 0 native plugins for Editor in 0.00 ms.
Invoked RoslynAnalysisRunner static constructor.
RoslynAnalysisRunner will not be running.
RoslynAnalysisRunner has terminated.
Mono: successfully reloaded assembly
- Completed reload, in  0.861 seconds
Platform modules already initialized, skipping
Refreshing native plugins compatible for Editor in 0.21 ms, found 0 plugins.
Preloading 0 native plugins for Editor in 0.00 ms.
Unloading 1110 Unused Serialized files (Serialized files now loaded: 0)
System memory in use before: 57.1 MB.
System memory in use after: 57.2 MB.

Unloading 5 unused Assets to reduce memory usage. Loaded Objects now: 1650.
Total: 2.175700 ms (FindLiveObjects: 0.204400 ms CreateObjectMapping: 0.042500 ms MarkObjects: 1.817900 ms  DeleteObjects: 0.109500 ms)

========================================================================
Received Import Request.
  Time since last request: 159.521317 seconds.
  path: Assets/Scripts/PlayerMovement.cs
  artifactKey: Guid(72279305302baad41a8d1c8dfc962ab0) Importer(815301076,1909f56bfc062723c751e8b465ee728b)
Start importing Assets/Scripts/PlayerMovement.cs using Guid(72279305302baad41a8d1c8dfc962ab0) Importer(815301076,1909f56bfc062723c751e8b465ee728b)  -> (artifact id: 'a5afbf7a99df640d4eded4fca99ec134') in 0.008999 seconds
  Import took 0.011311 seconds .

========================================================================
Received Import Request.
  Time since last request: 0.029377 seconds.
  path: Assets/Scripts/PlayerMovement.cs
  artifactKey: Guid(72279305302baad41a8d1c8dfc962ab0) Importer(815301076,1909f56bfc062723c751e8b465ee728b)
Start importing Assets/Scripts/PlayerMovement.cs using Guid(72279305302baad41a8d1c8dfc962ab0) Importer(815301076,1909f56bfc062723c751e8b465ee728b)  -> (artifact id: 'a5afbf7a99df640d4eded4fca99ec134') in 0.007125 seconds
  Import took 0.009178 seconds .

========================================================================
Received Prepare
Registering precompiled user dll's ...
Registered in 0.000882 seconds.
Begin MonoManager ReloadAssembly
Native extension for WindowsStandalone target not found
Refreshing native plugins compatible for Editor in 0.20 ms, found 0 plugins.
Preloading 0 native plugins for Editor in 0.00 ms.
Invoked RoslynAnalysisRunner static constructor.
RoslynAnalysisRunner will not be running.
RoslynAnalysisRunner has terminated.
Mono: successfully reloaded assembly
- Completed reload, in  0.954 seconds
Platform modules already initialized, skipping
Refreshing native plugins compatible for Editor in 0.38 ms, found 0 plugins.
Preloading 0 native plugins for Editor in 0.00 ms.
Unloading 1110 Unused Serialized files (Serialized files now loaded: 0)
System memory in use before: 57.2 MB.
System memory in use after: 57.2 MB.

Unloading 5 unused Assets to reduce memory usage. Loaded Objects now: 1653.
Total: 2.294500 ms (FindLiveObjects: 0.443000 ms CreateObjectMapping: 0.049700 ms MarkObjects: 1.707300 ms  DeleteObjects: 0.078700 ms)

========================================================================
Received Import Request.
  Time since last request: 340.377611 seconds.
  path: Assets/Scripts/PlayerMovement.cs
  artifactKey: Guid(72279305302baad41a8d1c8dfc962ab0) Importer(815301076,1909f56bfc062723c751e8b465ee728b)
Start importing Assets/Scripts/PlayerMovement.cs using Guid(72279305302baad41a8d1c8dfc962ab0) Importer(815301076,1909f56bfc062723c751e8b465ee728b)  -> (artifact id: '4fb27cd1ae77b2a4d9b6f4f4d24aec5e') in 0.004236 seconds
  Import took 0.008186 seconds .

========================================================================
Received Prepare
Registering precompiled user dll's ...
Registered in 0.000922 seconds.
Begin MonoManager ReloadAssembly
Native extension for WindowsStandalone target not found
Refreshing native plugins compatible for Editor in 0.40 ms, found 0 plugins.
Preloading 0 native plugins for Editor in 0.00 ms.
Invoked RoslynAnalysisRunner static constructor.
RoslynAnalysisRunner will not be running.
RoslynAnalysisRunner has terminated.
Mono: successfully reloaded assembly
- Completed reload, in  1.094 seconds
Platform modules already initialized, skipping
Refreshing native plugins compatible for Editor in 0.21 ms, found 0 plugins.
Preloading 0 native plugins for Editor in 0.00 ms.
Unloading 1110 Unused Serialized files (Serialized files now loaded: 0)
System memory in use before: 57.2 MB.
System memory in use after: 57.2 MB.

Unloading 5 unused Assets to reduce memory usage. Loaded Objects now: 1656.
Total: 2.098000 ms (FindLiveObjects: 0.205000 ms CreateObjectMapping: 0.051900 ms MarkObjects: 1.759600 ms  DeleteObjects: 0.080300 ms)

========================================================================
Received Prepare
Registering precompiled user dll's ...
Registered in 0.001021 seconds.
Begin MonoManager ReloadAssembly
Native extension for WindowsStandalone target not found
Refreshing native plugins compatible for Editor in 0.34 ms, found 0 plugins.
Preloading 0 native plugins for Editor in 0.00 ms.
Invoked RoslynAnalysisRunner static constructor.
RoslynAnalysisRunner will not be running.
RoslynAnalysisRunner has terminated.
Mono: successfully reloaded assembly
- Completed reload, in  0.815 seconds
Platform modules already initialized, skipping
Refreshing native plugins compatible for Editor in 0.24 ms, found 0 plugins.
Preloading 0 native plugins for Editor in 0.00 ms.
Unloading 1110 Unused Serialized files (Serialized files now loaded: 0)
System memory in use before: 57.2 MB.
System memory in use after: 57.2 MB.

Unloading 5 unused Assets to reduce memory usage. Loaded Objects now: 1659.
Total: 2.003500 ms (FindLiveObjects: 0.148800 ms CreateObjectMapping: 0.037200 ms MarkObjects: 1.763300 ms  DeleteObjects: 0.052700 ms)

AssetImportWorkerClient::OnTransportError - code=2 error=End of file
